<testsuites id="" name="" tests="307" failures="302" skipped="0" errors="0" time="301.667667">
<testsuite name="tests/comprehensive-demo.spec.ts" timestamp="2025-10-04T13:01:09.445Z" hostname="chromium" tests="7" failures="6" skipped="0" time="154.049" errors="0">
<testcase name="Comprehensive Demo Tests › should load the demo page" classname="tests/comprehensive-demo.spec.ts" time="24.844">
<failure message="comprehensive-demo.spec.ts:23:7 should load the demo page" type="FAILURE">
<![CDATA[  [chromium] › tests/comprehensive-demo.spec.ts:23:7 › Comprehensive Demo Tests › should load the demo page 

    Error: expect(locator).toBeVisible() failed

    Locator:  locator('button').first()
    Expected: visible
    Received: <element(s) not found>
    Timeout:  10000ms

    Call log:
      - Expect "toBeVisible" with timeout 10000ms
      - waiting for locator('button').first()


      26 |
      27 |     // Check that the main demo elements are present
    > 28 |     await expect(page.locator('button').first()).toBeVisible();
         |                                                  ^
      29 |     await expect(page.locator('div[style*="padding: 40px"]')).toBeVisible();
      30 |   });
      31 |
        at /Users/peterhanssens/consulting/Leptos/leptos-motion/tests/comprehensive-demo.spec.ts:28:50

    attachment #1: screenshot (image/png) ──────────────────────────────────────────────────────────
    test-results/tests-comprehensive-demo-C-2c28a-s-should-load-the-demo-page-chromium/test-failed-1.png
    ────────────────────────────────────────────────────────────────────────────────────────────────

    attachment #2: video (video/webm) ──────────────────────────────────────────────────────────────
    test-results/tests-comprehensive-demo-C-2c28a-s-should-load-the-demo-page-chromium/video.webm
    ────────────────────────────────────────────────────────────────────────────────────────────────

    Error Context: test-results/tests-comprehensive-demo-C-2c28a-s-should-load-the-demo-page-chromium/error-context.md
]]>
</failure>
<system-out>
<![CDATA[Still on fallback HTML, WASM may not have loaded

[[ATTACHMENT|test-results/tests-comprehensive-demo-C-2c28a-s-should-load-the-demo-page-chromium/test-failed-1.png]]

[[ATTACHMENT|test-results/tests-comprehensive-demo-C-2c28a-s-should-load-the-demo-page-chromium/video.webm]]

[[ATTACHMENT|test-results/tests-comprehensive-demo-C-2c28a-s-should-load-the-demo-page-chromium/error-context.md]]
]]>
</system-out>
</testcase>
<testcase name="Comprehensive Demo Tests › should display interactive elements" classname="tests/comprehensive-demo.spec.ts" time="14.333">
<failure message="comprehensive-demo.spec.ts:32:7 should display interactive elements" type="FAILURE">
<![CDATA[  [chromium] › tests/comprehensive-demo.spec.ts:32:7 › Comprehensive Demo Tests › should display interactive elements 

    Error: expect(received).toBeGreaterThan(expected)

    Expected: > 0
    Received:   0

      34 |     const buttons = page.locator('button');
      35 |     const buttonCount = await buttons.count();
    > 36 |     expect(buttonCount).toBeGreaterThan(0);
         |                         ^
      37 |
      38 |     // Check that at least one button is visible
      39 |     await expect(buttons.first()).toBeVisible();
        at /Users/peterhanssens/consulting/Leptos/leptos-motion/tests/comprehensive-demo.spec.ts:36:25

    attachment #1: screenshot (image/png) ──────────────────────────────────────────────────────────
    test-results/tests-comprehensive-demo-C-d9a7c-isplay-interactive-elements-chromium/test-failed-1.png
    ────────────────────────────────────────────────────────────────────────────────────────────────

    attachment #2: video (video/webm) ──────────────────────────────────────────────────────────────
    test-results/tests-comprehensive-demo-C-d9a7c-isplay-interactive-elements-chromium/video.webm
    ────────────────────────────────────────────────────────────────────────────────────────────────

    Error Context: test-results/tests-comprehensive-demo-C-d9a7c-isplay-interactive-elements-chromium/error-context.md
]]>
</failure>
<system-out>
<![CDATA[Still on fallback HTML, WASM may not have loaded

[[ATTACHMENT|test-results/tests-comprehensive-demo-C-d9a7c-isplay-interactive-elements-chromium/test-failed-1.png]]

[[ATTACHMENT|test-results/tests-comprehensive-demo-C-d9a7c-isplay-interactive-elements-chromium/video.webm]]

[[ATTACHMENT|test-results/tests-comprehensive-demo-C-d9a7c-isplay-interactive-elements-chromium/error-context.md]]
]]>
</system-out>
</testcase>
<testcase name="Comprehensive Demo Tests › should handle hover effects" classname="tests/comprehensive-demo.spec.ts" time="24.758">
<failure message="comprehensive-demo.spec.ts:42:7 should handle hover effects" type="FAILURE">
<![CDATA[  [chromium] › tests/comprehensive-demo.spec.ts:42:7 › Comprehensive Demo Tests › should handle hover effects 

    TimeoutError: locator.evaluate: Timeout 10000ms exceeded.
    Call log:
      - waiting for locator('button').first()


      45 |
      46 |     // Get initial transform
    > 47 |     const initialTransform = await hoverElement.evaluate(
         |                                                 ^
      48 |       el => window.getComputedStyle(el).transform
      49 |     );
      50 |
        at /Users/peterhanssens/consulting/Leptos/leptos-motion/tests/comprehensive-demo.spec.ts:47:49

    attachment #1: screenshot (image/png) ──────────────────────────────────────────────────────────
    test-results/tests-comprehensive-demo-C-1c16c-should-handle-hover-effects-chromium/test-failed-1.png
    ────────────────────────────────────────────────────────────────────────────────────────────────

    attachment #2: video (video/webm) ──────────────────────────────────────────────────────────────
    test-results/tests-comprehensive-demo-C-1c16c-should-handle-hover-effects-chromium/video.webm
    ────────────────────────────────────────────────────────────────────────────────────────────────

    Error Context: test-results/tests-comprehensive-demo-C-1c16c-should-handle-hover-effects-chromium/error-context.md
]]>
</failure>
<system-out>
<![CDATA[Still on fallback HTML, WASM may not have loaded

[[ATTACHMENT|test-results/tests-comprehensive-demo-C-1c16c-should-handle-hover-effects-chromium/test-failed-1.png]]

[[ATTACHMENT|test-results/tests-comprehensive-demo-C-1c16c-should-handle-hover-effects-chromium/video.webm]]

[[ATTACHMENT|test-results/tests-comprehensive-demo-C-1c16c-should-handle-hover-effects-chromium/error-context.md]]
]]>
</system-out>
</testcase>
<testcase name="Comprehensive Demo Tests › should handle click interactions" classname="tests/comprehensive-demo.spec.ts" time="24.858">
<failure message="comprehensive-demo.spec.ts:64:7 should handle click interactions" type="FAILURE">
<![CDATA[  [chromium] › tests/comprehensive-demo.spec.ts:64:7 › Comprehensive Demo Tests › should handle click interactions 

    TimeoutError: locator.click: Timeout 10000ms exceeded.
    Call log:
      - waiting for locator('button').first()


      67 |
      68 |     // Click the element
    > 69 |     await clickElement.click();
         |                        ^
      70 |
      71 |     // Wait for any potential animation
      72 |     await page.waitForTimeout(300);
        at /Users/peterhanssens/consulting/Leptos/leptos-motion/tests/comprehensive-demo.spec.ts:69:24

    attachment #1: screenshot (image/png) ──────────────────────────────────────────────────────────
    test-results/tests-comprehensive-demo-C-e7a91-d-handle-click-interactions-chromium/test-failed-1.png
    ────────────────────────────────────────────────────────────────────────────────────────────────

    attachment #2: video (video/webm) ──────────────────────────────────────────────────────────────
    test-results/tests-comprehensive-demo-C-e7a91-d-handle-click-interactions-chromium/video.webm
    ────────────────────────────────────────────────────────────────────────────────────────────────

    Error Context: test-results/tests-comprehensive-demo-C-e7a91-d-handle-click-interactions-chromium/error-context.md
]]>
</failure>
<system-out>
<![CDATA[Still on fallback HTML, WASM may not have loaded

[[ATTACHMENT|test-results/tests-comprehensive-demo-C-e7a91-d-handle-click-interactions-chromium/test-failed-1.png]]

[[ATTACHMENT|test-results/tests-comprehensive-demo-C-e7a91-d-handle-click-interactions-chromium/video.webm]]

[[ATTACHMENT|test-results/tests-comprehensive-demo-C-e7a91-d-handle-click-interactions-chromium/error-context.md]]
]]>
</system-out>
</testcase>
<testcase name="Comprehensive Demo Tests › should test animation functionality with visual verification" classname="tests/comprehensive-demo.spec.ts" time="24.786">
<failure message="comprehensive-demo.spec.ts:78:7 should test animation functionality with visual verification" type="FAILURE">
<![CDATA[  [chromium] › tests/comprehensive-demo.spec.ts:78:7 › Comprehensive Demo Tests › should test animation functionality with visual verification 

    TimeoutError: locator.waitFor: Timeout 10000ms exceeded.
    Call log:
      - waiting for locator('button').filter({ hasText: 'Button Animation' }) to be visible


      81 |
      82 |     // Wait for the button to be visible
    > 83 |     await animationButton.waitFor({ state: 'visible' });
         |                           ^
      84 |
      85 |     // Get initial state of the button
      86 |     const initialTransform = await animationButton.evaluate(
        at /Users/peterhanssens/consulting/Leptos/leptos-motion/tests/comprehensive-demo.spec.ts:83:27

    attachment #1: screenshot (image/png) ──────────────────────────────────────────────────────────
    test-results/tests-comprehensive-demo-C-822ad-ty-with-visual-verification-chromium/test-failed-1.png
    ────────────────────────────────────────────────────────────────────────────────────────────────

    attachment #2: video (video/webm) ──────────────────────────────────────────────────────────────
    test-results/tests-comprehensive-demo-C-822ad-ty-with-visual-verification-chromium/video.webm
    ────────────────────────────────────────────────────────────────────────────────────────────────

    Error Context: test-results/tests-comprehensive-demo-C-822ad-ty-with-visual-verification-chromium/error-context.md
]]>
</failure>
<system-out>
<![CDATA[Still on fallback HTML, WASM may not have loaded

[[ATTACHMENT|test-results/tests-comprehensive-demo-C-822ad-ty-with-visual-verification-chromium/test-failed-1.png]]

[[ATTACHMENT|test-results/tests-comprehensive-demo-C-822ad-ty-with-visual-verification-chromium/video.webm]]

[[ATTACHMENT|test-results/tests-comprehensive-demo-C-822ad-ty-with-visual-verification-chromium/error-context.md]]
]]>
</system-out>
</testcase>
<testcase name="Comprehensive Demo Tests › should load WASM module without errors" classname="tests/comprehensive-demo.spec.ts" time="16.049">
<system-out>
<![CDATA[Still on fallback HTML, WASM may not have loaded
Console errors: []
]]>
</system-out>
</testcase>
<testcase name="Comprehensive Demo Tests › should have proper HTML structure" classname="tests/comprehensive-demo.spec.ts" time="24.421">
<failure message="comprehensive-demo.spec.ts:144:7 should have proper HTML structure" type="FAILURE">
<![CDATA[  [chromium] › tests/comprehensive-demo.spec.ts:144:7 › Comprehensive Demo Tests › should have proper HTML structure 

    Error: expect(locator).toBeVisible() failed

    Locator:  locator('button').first()
    Expected: visible
    Received: <element(s) not found>
    Timeout:  10000ms

    Call log:
      - Expect "toBeVisible" with timeout 10000ms
      - waiting for locator('button').first()


      146 |     await expect(page.locator('body')).toBeVisible();
      147 |     await expect(page.locator('h1')).toContainText('Leptos Motion');
    > 148 |     await expect(page.locator('button').first()).toBeVisible();
          |                                                  ^
      149 |     await expect(page.locator('div[style*="padding: 40px"]')).toBeVisible();
      150 |   });
      151 | });
        at /Users/peterhanssens/consulting/Leptos/leptos-motion/tests/comprehensive-demo.spec.ts:148:50

    attachment #1: screenshot (image/png) ──────────────────────────────────────────────────────────
    test-results/tests-comprehensive-demo-C-6699b--have-proper-HTML-structure-chromium/test-failed-1.png
    ────────────────────────────────────────────────────────────────────────────────────────────────

    attachment #2: video (video/webm) ──────────────────────────────────────────────────────────────
    test-results/tests-comprehensive-demo-C-6699b--have-proper-HTML-structure-chromium/video.webm
    ────────────────────────────────────────────────────────────────────────────────────────────────

    Error Context: test-results/tests-comprehensive-demo-C-6699b--have-proper-HTML-structure-chromium/error-context.md
]]>
</failure>
<system-out>
<![CDATA[Still on fallback HTML, WASM may not have loaded

[[ATTACHMENT|test-results/tests-comprehensive-demo-C-6699b--have-proper-HTML-structure-chromium/test-failed-1.png]]

[[ATTACHMENT|test-results/tests-comprehensive-demo-C-6699b--have-proper-HTML-structure-chromium/video.webm]]

[[ATTACHMENT|test-results/tests-comprehensive-demo-C-6699b--have-proper-HTML-structure-chromium/error-context.md]]
]]>
</system-out>
</testcase>
</testsuite>
<testsuite name="tests/e2e/batched_updates_test.spec.ts" timestamp="2025-10-04T13:01:09.445Z" hostname="chromium" tests="1" failures="1" skipped="0" time="0.235" errors="0">
<testcase name="Batched Updates Test › should load and display the batched updates test correctly" classname="tests/e2e/batched_updates_test.spec.ts" time="0.235">
<failure message="batched_updates_test.spec.ts:4:7 should load and display the batched updates test correctly" type="FAILURE">
<![CDATA[  [chromium] › tests/e2e/batched_updates_test.spec.ts:4:7 › Batched Updates Test › should load and display the batched updates test correctly 

    Error: page.goto: net::ERR_CONNECTION_REFUSED at http://localhost:8080/simple.html
    Call log:
      - navigating to "http://localhost:8080/simple.html", waiting until "load"


      4 |   test('should load and display the batched updates test correctly', async ({ page }) => {
      5 |     // Navigate to the demo page
    > 6 |     await page.goto('http://localhost:8080/simple.html');
        |                ^
      7 |
      8 |     // Wait for the WASM module to load and initialize
      9 |     await page.waitForTimeout(3000);
        at /Users/peterhanssens/consulting/Leptos/leptos-motion/tests/e2e/batched_updates_test.spec.ts:6:16

    attachment #1: screenshot (image/png) ──────────────────────────────────────────────────────────
    test-results/tests-e2e-batched_updates_-5805e-ched-updates-test-correctly-chromium/test-failed-1.png
    ────────────────────────────────────────────────────────────────────────────────────────────────

    attachment #2: video (video/webm) ──────────────────────────────────────────────────────────────
    test-results/tests-e2e-batched_updates_-5805e-ched-updates-test-correctly-chromium/video.webm
    ────────────────────────────────────────────────────────────────────────────────────────────────
]]>
</failure>
<system-out>
<![CDATA[
[[ATTACHMENT|test-results/tests-e2e-batched_updates_-5805e-ched-updates-test-correctly-chromium/test-failed-1.png]]

[[ATTACHMENT|test-results/tests-e2e-batched_updates_-5805e-ched-updates-test-correctly-chromium/video.webm]]
]]>
</system-out>
</testcase>
</testsuite>
<testsuite name="tests/e2e/comprehensive_e2e_test.spec.ts" timestamp="2025-10-04T13:01:09.445Z" hostname="chromium" tests="27" failures="27" skipped="0" time="4.949" errors="0">
<testcase name="Leptos Motion Library - Comprehensive E2E Tests › 1. Simple API Tests › Basic Animation Test - Opacity Fade" classname="tests/e2e/comprehensive_e2e_test.spec.ts" time="0.197">
<failure message="comprehensive_e2e_test.spec.ts:44:9 Basic Animation Test - Opacity Fade" type="FAILURE">
<![CDATA[  [chromium] › tests/e2e/comprehensive_e2e_test.spec.ts:44:9 › Leptos Motion Library - Comprehensive E2E Tests › 1. Simple API Tests › Basic Animation Test - Opacity Fade 

    Error: page.goto: net::ERR_CONNECTION_REFUSED at http://localhost:8086/
    Call log:
      - navigating to "http://localhost:8086/", waiting until "load"


      43 |   test.describe('1. Simple API Tests', () => {
      44 |     test('Basic Animation Test - Opacity Fade', async ({ page }) => {
    > 45 |       await page.goto(DEMO_URLS.newSimple);
         |                  ^
      46 |       await waitForWasmInit(page);
      47 |
      48 |       // Check if basic animations are working
        at /Users/peterhanssens/consulting/Leptos/leptos-motion/tests/e2e/comprehensive_e2e_test.spec.ts:45:18

    attachment #1: screenshot (image/png) ──────────────────────────────────────────────────────────
    test-results/tests-e2e-comprehensive_e2-4de89-imation-Test---Opacity-Fade-chromium/test-failed-1.png
    ────────────────────────────────────────────────────────────────────────────────────────────────

    attachment #2: video (video/webm) ──────────────────────────────────────────────────────────────
    test-results/tests-e2e-comprehensive_e2-4de89-imation-Test---Opacity-Fade-chromium/video.webm
    ────────────────────────────────────────────────────────────────────────────────────────────────
]]>
</failure>
<system-out>
<![CDATA[
[[ATTACHMENT|test-results/tests-e2e-comprehensive_e2-4de89-imation-Test---Opacity-Fade-chromium/test-failed-1.png]]

[[ATTACHMENT|test-results/tests-e2e-comprehensive_e2-4de89-imation-Test---Opacity-Fade-chromium/video.webm]]
]]>
</system-out>
</testcase>
<testcase name="Leptos Motion Library - Comprehensive E2E Tests › 1. Simple API Tests › Variant Switching Test" classname="tests/e2e/comprehensive_e2e_test.spec.ts" time="0.19">
<failure message="comprehensive_e2e_test.spec.ts:57:9 Variant Switching Test" type="FAILURE">
<![CDATA[  [chromium] › tests/e2e/comprehensive_e2e_test.spec.ts:57:9 › Leptos Motion Library - Comprehensive E2E Tests › 1. Simple API Tests › Variant Switching Test 

    Error: page.goto: net::ERR_CONNECTION_REFUSED at http://localhost:8086/
    Call log:
      - navigating to "http://localhost:8086/", waiting until "load"


      56 |
      57 |     test('Variant Switching Test', async ({ page }) => {
    > 58 |       await page.goto(DEMO_URLS.newSimple);
         |                  ^
      59 |       await waitForWasmInit(page);
      60 |
      61 |       // Look for elements that can be toggled
        at /Users/peterhanssens/consulting/Leptos/leptos-motion/tests/e2e/comprehensive_e2e_test.spec.ts:58:18

    attachment #1: screenshot (image/png) ──────────────────────────────────────────────────────────
    test-results/tests-e2e-comprehensive_e2-38ec8-ests-Variant-Switching-Test-chromium/test-failed-1.png
    ────────────────────────────────────────────────────────────────────────────────────────────────

    attachment #2: video (video/webm) ──────────────────────────────────────────────────────────────
    test-results/tests-e2e-comprehensive_e2-38ec8-ests-Variant-Switching-Test-chromium/video.webm
    ────────────────────────────────────────────────────────────────────────────────────────────────
]]>
</failure>
<system-out>
<![CDATA[
[[ATTACHMENT|test-results/tests-e2e-comprehensive_e2-38ec8-ests-Variant-Switching-Test-chromium/test-failed-1.png]]

[[ATTACHMENT|test-results/tests-e2e-comprehensive_e2-38ec8-ests-Variant-Switching-Test-chromium/video.webm]]
]]>
</system-out>
</testcase>
<testcase name="Leptos Motion Library - Comprehensive E2E Tests › 1. Simple API Tests › Custom Easing Test" classname="tests/e2e/comprehensive_e2e_test.spec.ts" time="0.202">
<failure message="comprehensive_e2e_test.spec.ts:71:9 Custom Easing Test" type="FAILURE">
<![CDATA[  [chromium] › tests/e2e/comprehensive_e2e_test.spec.ts:71:9 › Leptos Motion Library - Comprehensive E2E Tests › 1. Simple API Tests › Custom Easing Test 

    Error: page.goto: net::ERR_CONNECTION_REFUSED at http://localhost:8086/
    Call log:
      - navigating to "http://localhost:8086/", waiting until "load"


      70 |
      71 |     test('Custom Easing Test', async ({ page }) => {
    > 72 |       await page.goto(DEMO_URLS.newSimple);
         |                  ^
      73 |       await waitForWasmInit(page);
      74 |
      75 |       // Check for transition timing functions on first div
        at /Users/peterhanssens/consulting/Leptos/leptos-motion/tests/e2e/comprehensive_e2e_test.spec.ts:72:18

    attachment #1: screenshot (image/png) ──────────────────────────────────────────────────────────
    test-results/tests-e2e-comprehensive_e2-5f543-PI-Tests-Custom-Easing-Test-chromium/test-failed-1.png
    ────────────────────────────────────────────────────────────────────────────────────────────────

    attachment #2: video (video/webm) ──────────────────────────────────────────────────────────────
    test-results/tests-e2e-comprehensive_e2-5f543-PI-Tests-Custom-Easing-Test-chromium/video.webm
    ────────────────────────────────────────────────────────────────────────────────────────────────
]]>
</failure>
<system-out>
<![CDATA[
[[ATTACHMENT|test-results/tests-e2e-comprehensive_e2-5f543-PI-Tests-Custom-Easing-Test-chromium/test-failed-1.png]]

[[ATTACHMENT|test-results/tests-e2e-comprehensive_e2-5f543-PI-Tests-Custom-Easing-Test-chromium/video.webm]]
]]>
</system-out>
</testcase>
<testcase name="Leptos Motion Library - Comprehensive E2E Tests › 1. Simple API Tests › Accessibility - Reduced Motion Check" classname="tests/e2e/comprehensive_e2e_test.spec.ts" time="0.211">
<failure message="comprehensive_e2e_test.spec.ts:85:9 Accessibility - Reduced Motion Check" type="FAILURE">
<![CDATA[  [chromium] › tests/e2e/comprehensive_e2e_test.spec.ts:85:9 › Leptos Motion Library - Comprehensive E2E Tests › 1. Simple API Tests › Accessibility - Reduced Motion Check 

    Error: page.goto: net::ERR_CONNECTION_REFUSED at http://localhost:8086/
    Call log:
      - navigating to "http://localhost:8086/", waiting until "load"


      84 |
      85 |     test('Accessibility - Reduced Motion Check', async ({ page }) => {
    > 86 |       await page.goto(DEMO_URLS.newSimple);
         |                  ^
      87 |       await waitForWasmInit(page);
      88 |
      89 |       // Simulate reduced motion preference
        at /Users/peterhanssens/consulting/Leptos/leptos-motion/tests/e2e/comprehensive_e2e_test.spec.ts:86:18

    attachment #1: screenshot (image/png) ──────────────────────────────────────────────────────────
    test-results/tests-e2e-comprehensive_e2-5ac8b-lity---Reduced-Motion-Check-chromium/test-failed-1.png
    ────────────────────────────────────────────────────────────────────────────────────────────────

    attachment #2: video (video/webm) ──────────────────────────────────────────────────────────────
    test-results/tests-e2e-comprehensive_e2-5ac8b-lity---Reduced-Motion-Check-chromium/video.webm
    ────────────────────────────────────────────────────────────────────────────────────────────────
]]>
</failure>
<system-out>
<![CDATA[
[[ATTACHMENT|test-results/tests-e2e-comprehensive_e2-5ac8b-lity---Reduced-Motion-Check-chromium/test-failed-1.png]]

[[ATTACHMENT|test-results/tests-e2e-comprehensive_e2-5ac8b-lity---Reduced-Motion-Check-chromium/video.webm]]
]]>
</system-out>
</testcase>
<testcase name="Leptos Motion Library - Comprehensive E2E Tests › 2. Independent Transforms Tests › Single Property Animation" classname="tests/e2e/comprehensive_e2e_test.spec.ts" time="0.194">
<failure message="comprehensive_e2e_test.spec.ts:102:9 Single Property Animation" type="FAILURE">
<![CDATA[  [chromium] › tests/e2e/comprehensive_e2e_test.spec.ts:102:9 › Leptos Motion Library - Comprehensive E2E Tests › 2. Independent Transforms Tests › Single Property Animation 

    Error: page.goto: net::ERR_CONNECTION_REFUSED at http://localhost:8086/
    Call log:
      - navigating to "http://localhost:8086/", waiting until "load"


      101 |   test.describe('2. Independent Transforms Tests', () => {
      102 |     test('Single Property Animation', async ({ page }) => {
    > 103 |       await page.goto(DEMO_URLS.newSimple);
          |                  ^
      104 |       await waitForWasmInit(page);
      105 |
      106 |       // Check for transform properties or transition properties
        at /Users/peterhanssens/consulting/Leptos/leptos-motion/tests/e2e/comprehensive_e2e_test.spec.ts:103:18

    attachment #1: screenshot (image/png) ──────────────────────────────────────────────────────────
    test-results/tests-e2e-comprehensive_e2-ed6cd-s-Single-Property-Animation-chromium/test-failed-1.png
    ────────────────────────────────────────────────────────────────────────────────────────────────

    attachment #2: video (video/webm) ──────────────────────────────────────────────────────────────
    test-results/tests-e2e-comprehensive_e2-ed6cd-s-Single-Property-Animation-chromium/video.webm
    ────────────────────────────────────────────────────────────────────────────────────────────────
]]>
</failure>
<system-out>
<![CDATA[
[[ATTACHMENT|test-results/tests-e2e-comprehensive_e2-ed6cd-s-Single-Property-Animation-chromium/test-failed-1.png]]

[[ATTACHMENT|test-results/tests-e2e-comprehensive_e2-ed6cd-s-Single-Property-Animation-chromium/video.webm]]
]]>
</system-out>
</testcase>
<testcase name="Leptos Motion Library - Comprehensive E2E Tests › 2. Independent Transforms Tests › Concurrent Transforms" classname="tests/e2e/comprehensive_e2e_test.spec.ts" time="0.264">
<failure message="comprehensive_e2e_test.spec.ts:121:9 Concurrent Transforms" type="FAILURE">
<![CDATA[  [chromium] › tests/e2e/comprehensive_e2e_test.spec.ts:121:9 › Leptos Motion Library - Comprehensive E2E Tests › 2. Independent Transforms Tests › Concurrent Transforms 

    Error: page.goto: net::ERR_CONNECTION_REFUSED at http://localhost:8086/
    Call log:
      - navigating to "http://localhost:8086/", waiting until "load"


      120 |
      121 |     test('Concurrent Transforms', async ({ page }) => {
    > 122 |       await page.goto(DEMO_URLS.newSimple);
          |                  ^
      123 |       await waitForWasmInit(page);
      124 |
      125 |       // Check multiple elements with any form of animation
        at /Users/peterhanssens/consulting/Leptos/leptos-motion/tests/e2e/comprehensive_e2e_test.spec.ts:122:18

    attachment #1: screenshot (image/png) ──────────────────────────────────────────────────────────
    test-results/tests-e2e-comprehensive_e2-467dd-Tests-Concurrent-Transforms-chromium/test-failed-1.png
    ────────────────────────────────────────────────────────────────────────────────────────────────

    attachment #2: video (video/webm) ──────────────────────────────────────────────────────────────
    test-results/tests-e2e-comprehensive_e2-467dd-Tests-Concurrent-Transforms-chromium/video.webm
    ────────────────────────────────────────────────────────────────────────────────────────────────
]]>
</failure>
<system-out>
<![CDATA[
[[ATTACHMENT|test-results/tests-e2e-comprehensive_e2-467dd-Tests-Concurrent-Transforms-chromium/test-failed-1.png]]

[[ATTACHMENT|test-results/tests-e2e-comprehensive_e2-467dd-Tests-Concurrent-Transforms-chromium/video.webm]]
]]>
</system-out>
</testcase>
<testcase name="Leptos Motion Library - Comprehensive E2E Tests › 2. Independent Transforms Tests › Hardware Acceleration Check" classname="tests/e2e/comprehensive_e2e_test.spec.ts" time="0.248">
<failure message="comprehensive_e2e_test.spec.ts:147:9 Hardware Acceleration Check" type="FAILURE">
<![CDATA[  [chromium] › tests/e2e/comprehensive_e2e_test.spec.ts:147:9 › Leptos Motion Library - Comprehensive E2E Tests › 2. Independent Transforms Tests › Hardware Acceleration Check 

    Error: page.goto: net::ERR_CONNECTION_REFUSED at http://localhost:8086/
    Call log:
      - navigating to "http://localhost:8086/", waiting until "load"


      146 |
      147 |     test('Hardware Acceleration Check', async ({ page }) => {
    > 148 |       await page.goto(DEMO_URLS.newSimple);
          |                  ^
      149 |       await waitForWasmInit(page);
      150 |
      151 |       // Check for will-change property
        at /Users/peterhanssens/consulting/Leptos/leptos-motion/tests/e2e/comprehensive_e2e_test.spec.ts:148:18

    attachment #1: screenshot (image/png) ──────────────────────────────────────────────────────────
    test-results/tests-e2e-comprehensive_e2-f41b2-Hardware-Acceleration-Check-chromium/test-failed-1.png
    ────────────────────────────────────────────────────────────────────────────────────────────────

    attachment #2: video (video/webm) ──────────────────────────────────────────────────────────────
    test-results/tests-e2e-comprehensive_e2-f41b2-Hardware-Acceleration-Check-chromium/video.webm
    ────────────────────────────────────────────────────────────────────────────────────────────────
]]>
</failure>
<system-out>
<![CDATA[
[[ATTACHMENT|test-results/tests-e2e-comprehensive_e2-f41b2-Hardware-Acceleration-Check-chromium/test-failed-1.png]]

[[ATTACHMENT|test-results/tests-e2e-comprehensive_e2-f41b2-Hardware-Acceleration-Check-chromium/video.webm]]
]]>
</system-out>
</testcase>
<testcase name="Leptos Motion Library - Comprehensive E2E Tests › 3. Scroll Animation Tests › Scroll-based Animation" classname="tests/e2e/comprehensive_e2e_test.spec.ts" time="0.171">
<failure message="comprehensive_e2e_test.spec.ts:168:9 Scroll-based Animation" type="FAILURE">
<![CDATA[  [chromium] › tests/e2e/comprehensive_e2e_test.spec.ts:168:9 › Leptos Motion Library - Comprehensive E2E Tests › 3. Scroll Animation Tests › Scroll-based Animation 

    Error: page.goto: net::ERR_CONNECTION_REFUSED at http://localhost:8086/
    Call log:
      - navigating to "http://localhost:8086/", waiting until "load"


      167 |   test.describe('3. Scroll Animation Tests', () => {
      168 |     test('Scroll-based Animation', async ({ page }) => {
    > 169 |       await page.goto(DEMO_URLS.newSimple);
          |                  ^
      170 |       await waitForWasmInit(page);
      171 |
      172 |       // Simulate scroll
        at /Users/peterhanssens/consulting/Leptos/leptos-motion/tests/e2e/comprehensive_e2e_test.spec.ts:169:18

    attachment #1: screenshot (image/png) ──────────────────────────────────────────────────────────
    test-results/tests-e2e-comprehensive_e2-e6592-ests-Scroll-based-Animation-chromium/test-failed-1.png
    ────────────────────────────────────────────────────────────────────────────────────────────────

    attachment #2: video (video/webm) ──────────────────────────────────────────────────────────────
    test-results/tests-e2e-comprehensive_e2-e6592-ests-Scroll-based-Animation-chromium/video.webm
    ────────────────────────────────────────────────────────────────────────────────────────────────
]]>
</failure>
<system-out>
<![CDATA[
[[ATTACHMENT|test-results/tests-e2e-comprehensive_e2-e6592-ests-Scroll-based-Animation-chromium/test-failed-1.png]]

[[ATTACHMENT|test-results/tests-e2e-comprehensive_e2-e6592-ests-Scroll-based-Animation-chromium/video.webm]]
]]>
</system-out>
</testcase>
<testcase name="Leptos Motion Library - Comprehensive E2E Tests › 3. Scroll Animation Tests › Viewport Trigger Animation" classname="tests/e2e/comprehensive_e2e_test.spec.ts" time="0.161">
<failure message="comprehensive_e2e_test.spec.ts:185:9 Viewport Trigger Animation" type="FAILURE">
<![CDATA[  [chromium] › tests/e2e/comprehensive_e2e_test.spec.ts:185:9 › Leptos Motion Library - Comprehensive E2E Tests › 3. Scroll Animation Tests › Viewport Trigger Animation 

    Error: page.goto: net::ERR_CONNECTION_REFUSED at http://localhost:8086/
    Call log:
      - navigating to "http://localhost:8086/", waiting until "load"


      184 |
      185 |     test('Viewport Trigger Animation', async ({ page }) => {
    > 186 |       await page.goto(DEMO_URLS.newSimple);
          |                  ^
      187 |       await waitForWasmInit(page);
      188 |
      189 |       // Scroll to trigger viewport animations
        at /Users/peterhanssens/consulting/Leptos/leptos-motion/tests/e2e/comprehensive_e2e_test.spec.ts:186:18

    attachment #1: screenshot (image/png) ──────────────────────────────────────────────────────────
    test-results/tests-e2e-comprehensive_e2-eada2--Viewport-Trigger-Animation-chromium/test-failed-1.png
    ────────────────────────────────────────────────────────────────────────────────────────────────

    attachment #2: video (video/webm) ──────────────────────────────────────────────────────────────
    test-results/tests-e2e-comprehensive_e2-eada2--Viewport-Trigger-Animation-chromium/video.webm
    ────────────────────────────────────────────────────────────────────────────────────────────────
]]>
</failure>
<system-out>
<![CDATA[
[[ATTACHMENT|test-results/tests-e2e-comprehensive_e2-eada2--Viewport-Trigger-Animation-chromium/test-failed-1.png]]

[[ATTACHMENT|test-results/tests-e2e-comprehensive_e2-eada2--Viewport-Trigger-Animation-chromium/video.webm]]
]]>
</system-out>
</testcase>
<testcase name="Leptos Motion Library - Comprehensive E2E Tests › 4. Exit Animation Tests › Component Unmount Animation" classname="tests/e2e/comprehensive_e2e_test.spec.ts" time="0.173">
<failure message="comprehensive_e2e_test.spec.ts:205:9 Component Unmount Animation" type="FAILURE">
<![CDATA[  [chromium] › tests/e2e/comprehensive_e2e_test.spec.ts:205:9 › Leptos Motion Library - Comprehensive E2E Tests › 4. Exit Animation Tests › Component Unmount Animation 

    Error: page.goto: net::ERR_CONNECTION_REFUSED at http://localhost:8086/
    Call log:
      - navigating to "http://localhost:8086/", waiting until "load"


      204 |   test.describe('4. Exit Animation Tests', () => {
      205 |     test('Component Unmount Animation', async ({ page }) => {
    > 206 |       await page.goto(DEMO_URLS.newSimple);
          |                  ^
      207 |       await waitForWasmInit(page);
      208 |
      209 |       // Look for buttons that might trigger unmount
        at /Users/peterhanssens/consulting/Leptos/leptos-motion/tests/e2e/comprehensive_e2e_test.spec.ts:206:18

    attachment #1: screenshot (image/png) ──────────────────────────────────────────────────────────
    test-results/tests-e2e-comprehensive_e2-e80c4-Component-Unmount-Animation-chromium/test-failed-1.png
    ────────────────────────────────────────────────────────────────────────────────────────────────

    attachment #2: video (video/webm) ──────────────────────────────────────────────────────────────
    test-results/tests-e2e-comprehensive_e2-e80c4-Component-Unmount-Animation-chromium/video.webm
    ────────────────────────────────────────────────────────────────────────────────────────────────
]]>
</failure>
<system-out>
<![CDATA[
[[ATTACHMENT|test-results/tests-e2e-comprehensive_e2-e80c4-Component-Unmount-Animation-chromium/test-failed-1.png]]

[[ATTACHMENT|test-results/tests-e2e-comprehensive_e2-e80c4-Component-Unmount-Animation-chromium/video.webm]]
]]>
</system-out>
</testcase>
<testcase name="Leptos Motion Library - Comprehensive E2E Tests › 5. Gesture Tests › Hover Gesture" classname="tests/e2e/comprehensive_e2e_test.spec.ts" time="0.175">
<failure message="comprehensive_e2e_test.spec.ts:226:9 Hover Gesture" type="FAILURE">
<![CDATA[  [chromium] › tests/e2e/comprehensive_e2e_test.spec.ts:226:9 › Leptos Motion Library - Comprehensive E2E Tests › 5. Gesture Tests › Hover Gesture 

    Error: page.goto: net::ERR_CONNECTION_REFUSED at http://localhost:8086/
    Call log:
      - navigating to "http://localhost:8086/", waiting until "load"


      225 |   test.describe('5. Gesture Tests', () => {
      226 |     test('Hover Gesture', async ({ page }) => {
    > 227 |       await page.goto(DEMO_URLS.newSimple);
          |                  ^
      228 |       await waitForWasmInit(page);
      229 |
      230 |       // Test hover on interactive elements
        at /Users/peterhanssens/consulting/Leptos/leptos-motion/tests/e2e/comprehensive_e2e_test.spec.ts:227:18

    attachment #1: screenshot (image/png) ──────────────────────────────────────────────────────────
    test-results/tests-e2e-comprehensive_e2-c333a-Gesture-Tests-Hover-Gesture-chromium/test-failed-1.png
    ────────────────────────────────────────────────────────────────────────────────────────────────

    attachment #2: video (video/webm) ──────────────────────────────────────────────────────────────
    test-results/tests-e2e-comprehensive_e2-c333a-Gesture-Tests-Hover-Gesture-chromium/video.webm
    ────────────────────────────────────────────────────────────────────────────────────────────────
]]>
</failure>
<system-out>
<![CDATA[
[[ATTACHMENT|test-results/tests-e2e-comprehensive_e2-c333a-Gesture-Tests-Hover-Gesture-chromium/test-failed-1.png]]

[[ATTACHMENT|test-results/tests-e2e-comprehensive_e2-c333a-Gesture-Tests-Hover-Gesture-chromium/video.webm]]
]]>
</system-out>
</testcase>
<testcase name="Leptos Motion Library - Comprehensive E2E Tests › 5. Gesture Tests › Press Gesture" classname="tests/e2e/comprehensive_e2e_test.spec.ts" time="0.158">
<failure message="comprehensive_e2e_test.spec.ts:246:9 Press Gesture" type="FAILURE">
<![CDATA[  [chromium] › tests/e2e/comprehensive_e2e_test.spec.ts:246:9 › Leptos Motion Library - Comprehensive E2E Tests › 5. Gesture Tests › Press Gesture 

    Error: page.goto: net::ERR_CONNECTION_REFUSED at http://localhost:8086/
    Call log:
      - navigating to "http://localhost:8086/", waiting until "load"


      245 |
      246 |     test('Press Gesture', async ({ page }) => {
    > 247 |       await page.goto(DEMO_URLS.newSimple);
          |                  ^
      248 |       await waitForWasmInit(page);
      249 |
      250 |       // Test press on buttons
        at /Users/peterhanssens/consulting/Leptos/leptos-motion/tests/e2e/comprehensive_e2e_test.spec.ts:247:18

    attachment #1: screenshot (image/png) ──────────────────────────────────────────────────────────
    test-results/tests-e2e-comprehensive_e2-2067b-Gesture-Tests-Press-Gesture-chromium/test-failed-1.png
    ────────────────────────────────────────────────────────────────────────────────────────────────

    attachment #2: video (video/webm) ──────────────────────────────────────────────────────────────
    test-results/tests-e2e-comprehensive_e2-2067b-Gesture-Tests-Press-Gesture-chromium/video.webm
    ────────────────────────────────────────────────────────────────────────────────────────────────
]]>
</failure>
<system-out>
<![CDATA[
[[ATTACHMENT|test-results/tests-e2e-comprehensive_e2-2067b-Gesture-Tests-Press-Gesture-chromium/test-failed-1.png]]

[[ATTACHMENT|test-results/tests-e2e-comprehensive_e2-2067b-Gesture-Tests-Press-Gesture-chromium/video.webm]]
]]>
</system-out>
</testcase>
<testcase name="Leptos Motion Library - Comprehensive E2E Tests › 5. Gesture Tests › Touch Gesture Support" classname="tests/e2e/comprehensive_e2e_test.spec.ts" time="0.176">
<failure message="comprehensive_e2e_test.spec.ts:263:9 Touch Gesture Support" type="FAILURE">
<![CDATA[  [chromium] › tests/e2e/comprehensive_e2e_test.spec.ts:263:9 › Leptos Motion Library - Comprehensive E2E Tests › 5. Gesture Tests › Touch Gesture Support 

    Error: page.goto: net::ERR_CONNECTION_REFUSED at http://localhost:8086/
    Call log:
      - navigating to "http://localhost:8086/", waiting until "load"


      262 |
      263 |     test('Touch Gesture Support', async ({ page }) => {
    > 264 |       await page.goto(DEMO_URLS.newSimple);
          |                  ^
      265 |       await waitForWasmInit(page);
      266 |
      267 |       // Set mobile viewport
        at /Users/peterhanssens/consulting/Leptos/leptos-motion/tests/e2e/comprehensive_e2e_test.spec.ts:264:18

    attachment #1: screenshot (image/png) ──────────────────────────────────────────────────────────
    test-results/tests-e2e-comprehensive_e2-26d23-Tests-Touch-Gesture-Support-chromium/test-failed-1.png
    ────────────────────────────────────────────────────────────────────────────────────────────────

    attachment #2: video (video/webm) ──────────────────────────────────────────────────────────────
    test-results/tests-e2e-comprehensive_e2-26d23-Tests-Touch-Gesture-Support-chromium/video.webm
    ────────────────────────────────────────────────────────────────────────────────────────────────
]]>
</failure>
<system-out>
<![CDATA[
[[ATTACHMENT|test-results/tests-e2e-comprehensive_e2-26d23-Tests-Touch-Gesture-Support-chromium/test-failed-1.png]]

[[ATTACHMENT|test-results/tests-e2e-comprehensive_e2-26d23-Tests-Touch-Gesture-Support-chromium/video.webm]]
]]>
</system-out>
</testcase>
<testcase name="Leptos Motion Library - Comprehensive E2E Tests › 6. Layout Animation Tests › Resize Animation" classname="tests/e2e/comprehensive_e2e_test.spec.ts" time="0.208">
<failure message="comprehensive_e2e_test.spec.ts:282:9 Resize Animation" type="FAILURE">
<![CDATA[  [chromium] › tests/e2e/comprehensive_e2e_test.spec.ts:282:9 › Leptos Motion Library - Comprehensive E2E Tests › 6. Layout Animation Tests › Resize Animation 

    Error: page.goto: net::ERR_CONNECTION_REFUSED at http://localhost:8086/
    Call log:
      - navigating to "http://localhost:8086/", waiting until "load"


      281 |   test.describe('6. Layout Animation Tests', () => {
      282 |     test('Resize Animation', async ({ page }) => {
    > 283 |       await page.goto(DEMO_URLS.newSimple);
          |                  ^
      284 |       await waitForWasmInit(page);
      285 |
      286 |       // Test viewport resize
        at /Users/peterhanssens/consulting/Leptos/leptos-motion/tests/e2e/comprehensive_e2e_test.spec.ts:283:18

    attachment #1: screenshot (image/png) ──────────────────────────────────────────────────────────
    test-results/tests-e2e-comprehensive_e2-14fad-tion-Tests-Resize-Animation-chromium/test-failed-1.png
    ────────────────────────────────────────────────────────────────────────────────────────────────

    attachment #2: video (video/webm) ──────────────────────────────────────────────────────────────
    test-results/tests-e2e-comprehensive_e2-14fad-tion-Tests-Resize-Animation-chromium/video.webm
    ────────────────────────────────────────────────────────────────────────────────────────────────
]]>
</failure>
<system-out>
<![CDATA[
[[ATTACHMENT|test-results/tests-e2e-comprehensive_e2-14fad-tion-Tests-Resize-Animation-chromium/test-failed-1.png]]

[[ATTACHMENT|test-results/tests-e2e-comprehensive_e2-14fad-tion-Tests-Resize-Animation-chromium/video.webm]]
]]>
</system-out>
</testcase>
<testcase name="Leptos Motion Library - Comprehensive E2E Tests › 6. Layout Animation Tests › Layout Shift Animation" classname="tests/e2e/comprehensive_e2e_test.spec.ts" time="0.157">
<failure message="comprehensive_e2e_test.spec.ts:300:9 Layout Shift Animation" type="FAILURE">
<![CDATA[  [chromium] › tests/e2e/comprehensive_e2e_test.spec.ts:300:9 › Leptos Motion Library - Comprehensive E2E Tests › 6. Layout Animation Tests › Layout Shift Animation 

    Error: page.goto: net::ERR_CONNECTION_REFUSED at http://localhost:8086/
    Call log:
      - navigating to "http://localhost:8086/", waiting until "load"


      299 |
      300 |     test('Layout Shift Animation', async ({ page }) => {
    > 301 |       await page.goto(DEMO_URLS.newSimple);
          |                  ^
      302 |       await waitForWasmInit(page);
      303 |
      304 |       // Trigger layout changes
        at /Users/peterhanssens/consulting/Leptos/leptos-motion/tests/e2e/comprehensive_e2e_test.spec.ts:301:18

    attachment #1: screenshot (image/png) ──────────────────────────────────────────────────────────
    test-results/tests-e2e-comprehensive_e2-0b4f0-ests-Layout-Shift-Animation-chromium/test-failed-1.png
    ────────────────────────────────────────────────────────────────────────────────────────────────

    attachment #2: video (video/webm) ──────────────────────────────────────────────────────────────
    test-results/tests-e2e-comprehensive_e2-0b4f0-ests-Layout-Shift-Animation-chromium/video.webm
    ────────────────────────────────────────────────────────────────────────────────────────────────
]]>
</failure>
<system-out>
<![CDATA[
[[ATTACHMENT|test-results/tests-e2e-comprehensive_e2-0b4f0-ests-Layout-Shift-Animation-chromium/test-failed-1.png]]

[[ATTACHMENT|test-results/tests-e2e-comprehensive_e2-0b4f0-ests-Layout-Shift-Animation-chromium/video.webm]]
]]>
</system-out>
</testcase>
<testcase name="Leptos Motion Library - Comprehensive E2E Tests › 7. Timeline Sequences Tests › Stagger Animation" classname="tests/e2e/comprehensive_e2e_test.spec.ts" time="0.168">
<failure message="comprehensive_e2e_test.spec.ts:316:9 Stagger Animation" type="FAILURE">
<![CDATA[  [chromium] › tests/e2e/comprehensive_e2e_test.spec.ts:316:9 › Leptos Motion Library - Comprehensive E2E Tests › 7. Timeline Sequences Tests › Stagger Animation 

    Error: page.goto: net::ERR_CONNECTION_REFUSED at http://localhost:8086/
    Call log:
      - navigating to "http://localhost:8086/", waiting until "load"


      315 |   test.describe('7. Timeline Sequences Tests', () => {
      316 |     test('Stagger Animation', async ({ page }) => {
    > 317 |       await page.goto(DEMO_URLS.newSimple);
          |                  ^
      318 |       await waitForWasmInit(page);
      319 |
      320 |       // Look for multiple animated elements
        at /Users/peterhanssens/consulting/Leptos/leptos-motion/tests/e2e/comprehensive_e2e_test.spec.ts:317:18

    attachment #1: screenshot (image/png) ──────────────────────────────────────────────────────────
    test-results/tests-e2e-comprehensive_e2-e9bf9-ces-Tests-Stagger-Animation-chromium/test-failed-1.png
    ────────────────────────────────────────────────────────────────────────────────────────────────

    attachment #2: video (video/webm) ──────────────────────────────────────────────────────────────
    test-results/tests-e2e-comprehensive_e2-e9bf9-ces-Tests-Stagger-Animation-chromium/video.webm
    ────────────────────────────────────────────────────────────────────────────────────────────────
]]>
</failure>
<system-out>
<![CDATA[
[[ATTACHMENT|test-results/tests-e2e-comprehensive_e2-e9bf9-ces-Tests-Stagger-Animation-chromium/test-failed-1.png]]

[[ATTACHMENT|test-results/tests-e2e-comprehensive_e2-e9bf9-ces-Tests-Stagger-Animation-chromium/video.webm]]
]]>
</system-out>
</testcase>
<testcase name="Leptos Motion Library - Comprehensive E2E Tests › 7. Timeline Sequences Tests › Sequence Animation" classname="tests/e2e/comprehensive_e2e_test.spec.ts" time="0.161">
<failure message="comprehensive_e2e_test.spec.ts:331:9 Sequence Animation" type="FAILURE">
<![CDATA[  [chromium] › tests/e2e/comprehensive_e2e_test.spec.ts:331:9 › Leptos Motion Library - Comprehensive E2E Tests › 7. Timeline Sequences Tests › Sequence Animation 

    Error: page.goto: net::ERR_CONNECTION_REFUSED at http://localhost:8086/
    Call log:
      - navigating to "http://localhost:8086/", waiting until "load"


      330 |
      331 |     test('Sequence Animation', async ({ page }) => {
    > 332 |       await page.goto(DEMO_URLS.newSimple);
          |                  ^
      333 |       await waitForWasmInit(page);
      334 |
      335 |       // Trigger sequence animations
        at /Users/peterhanssens/consulting/Leptos/leptos-motion/tests/e2e/comprehensive_e2e_test.spec.ts:332:18

    attachment #1: screenshot (image/png) ──────────────────────────────────────────────────────────
    test-results/tests-e2e-comprehensive_e2-709e8-es-Tests-Sequence-Animation-chromium/test-failed-1.png
    ────────────────────────────────────────────────────────────────────────────────────────────────

    attachment #2: video (video/webm) ──────────────────────────────────────────────────────────────
    test-results/tests-e2e-comprehensive_e2-709e8-es-Tests-Sequence-Animation-chromium/video.webm
    ────────────────────────────────────────────────────────────────────────────────────────────────
]]>
</failure>
<system-out>
<![CDATA[
[[ATTACHMENT|test-results/tests-e2e-comprehensive_e2-709e8-es-Tests-Sequence-Animation-chromium/test-failed-1.png]]

[[ATTACHMENT|test-results/tests-e2e-comprehensive_e2-709e8-es-Tests-Sequence-Animation-chromium/video.webm]]
]]>
</system-out>
</testcase>
<testcase name="Leptos Motion Library - Comprehensive E2E Tests › 8. Spring Physics Tests › Spring Animation" classname="tests/e2e/comprehensive_e2e_test.spec.ts" time="0.161">
<failure message="comprehensive_e2e_test.spec.ts:349:9 Spring Animation" type="FAILURE">
<![CDATA[  [chromium] › tests/e2e/comprehensive_e2e_test.spec.ts:349:9 › Leptos Motion Library - Comprehensive E2E Tests › 8. Spring Physics Tests › Spring Animation 

    Error: page.goto: net::ERR_CONNECTION_REFUSED at http://localhost:8086/
    Call log:
      - navigating to "http://localhost:8086/", waiting until "load"


      348 |   test.describe('8. Spring Physics Tests', () => {
      349 |     test('Spring Animation', async ({ page }) => {
    > 350 |       await page.goto(DEMO_URLS.newSimple);
          |                  ^
      351 |       await waitForWasmInit(page);
      352 |
      353 |       // Check for spring-like animations
        at /Users/peterhanssens/consulting/Leptos/leptos-motion/tests/e2e/comprehensive_e2e_test.spec.ts:350:18

    attachment #1: screenshot (image/png) ──────────────────────────────────────────────────────────
    test-results/tests-e2e-comprehensive_e2-cc3c7-sics-Tests-Spring-Animation-chromium/test-failed-1.png
    ────────────────────────────────────────────────────────────────────────────────────────────────

    attachment #2: video (video/webm) ──────────────────────────────────────────────────────────────
    test-results/tests-e2e-comprehensive_e2-cc3c7-sics-Tests-Spring-Animation-chromium/video.webm
    ────────────────────────────────────────────────────────────────────────────────────────────────
]]>
</failure>
<system-out>
<![CDATA[
[[ATTACHMENT|test-results/tests-e2e-comprehensive_e2-cc3c7-sics-Tests-Spring-Animation-chromium/test-failed-1.png]]

[[ATTACHMENT|test-results/tests-e2e-comprehensive_e2-cc3c7-sics-Tests-Spring-Animation-chromium/video.webm]]
]]>
</system-out>
</testcase>
<testcase name="Leptos Motion Library - Comprehensive E2E Tests › 8. Spring Physics Tests › Velocity-based Animation" classname="tests/e2e/comprehensive_e2e_test.spec.ts" time="0.175">
<failure message="comprehensive_e2e_test.spec.ts:364:9 Velocity-based Animation" type="FAILURE">
<![CDATA[  [chromium] › tests/e2e/comprehensive_e2e_test.spec.ts:364:9 › Leptos Motion Library - Comprehensive E2E Tests › 8. Spring Physics Tests › Velocity-based Animation 

    Error: page.goto: net::ERR_CONNECTION_REFUSED at http://localhost:8086/
    Call log:
      - navigating to "http://localhost:8086/", waiting until "load"


      363 |
      364 |     test('Velocity-based Animation', async ({ page }) => {
    > 365 |       await page.goto(DEMO_URLS.newSimple);
          |                  ^
      366 |       await waitForWasmInit(page);
      367 |
      368 |       // Test rapid interactions
        at /Users/peterhanssens/consulting/Leptos/leptos-motion/tests/e2e/comprehensive_e2e_test.spec.ts:365:18

    attachment #1: screenshot (image/png) ──────────────────────────────────────────────────────────
    test-results/tests-e2e-comprehensive_e2-c67f9-ts-Velocity-based-Animation-chromium/test-failed-1.png
    ────────────────────────────────────────────────────────────────────────────────────────────────

    attachment #2: video (video/webm) ──────────────────────────────────────────────────────────────
    test-results/tests-e2e-comprehensive_e2-c67f9-ts-Velocity-based-Animation-chromium/video.webm
    ────────────────────────────────────────────────────────────────────────────────────────────────
]]>
</failure>
<system-out>
<![CDATA[
[[ATTACHMENT|test-results/tests-e2e-comprehensive_e2-c67f9-ts-Velocity-based-Animation-chromium/test-failed-1.png]]

[[ATTACHMENT|test-results/tests-e2e-comprehensive_e2-c67f9-ts-Velocity-based-Animation-chromium/video.webm]]
]]>
</system-out>
</testcase>
<testcase name="Leptos Motion Library - Comprehensive E2E Tests › 9. Performance Tests › 60 FPS Performance Check" classname="tests/e2e/comprehensive_e2e_test.spec.ts" time="0.181">
<failure message="comprehensive_e2e_test.spec.ts:384:9 60 FPS Performance Check" type="FAILURE">
<![CDATA[  [chromium] › tests/e2e/comprehensive_e2e_test.spec.ts:384:9 › Leptos Motion Library - Comprehensive E2E Tests › 9. Performance Tests › 60 FPS Performance Check 

    Error: page.goto: net::ERR_CONNECTION_REFUSED at http://localhost:8086/
    Call log:
      - navigating to "http://localhost:8086/", waiting until "load"


      383 |   test.describe('9. Performance Tests', () => {
      384 |     test('60 FPS Performance Check', async ({ page }) => {
    > 385 |       await page.goto(DEMO_URLS.newSimple);
          |                  ^
      386 |       await waitForWasmInit(page);
      387 |
      388 |       // Monitor performance during animations
        at /Users/peterhanssens/consulting/Leptos/leptos-motion/tests/e2e/comprehensive_e2e_test.spec.ts:385:18

    attachment #1: screenshot (image/png) ──────────────────────────────────────────────────────────
    test-results/tests-e2e-comprehensive_e2-3a598-ts-60-FPS-Performance-Check-chromium/test-failed-1.png
    ────────────────────────────────────────────────────────────────────────────────────────────────

    attachment #2: video (video/webm) ──────────────────────────────────────────────────────────────
    test-results/tests-e2e-comprehensive_e2-3a598-ts-60-FPS-Performance-Check-chromium/video.webm
    ────────────────────────────────────────────────────────────────────────────────────────────────
]]>
</failure>
<system-out>
<![CDATA[
[[ATTACHMENT|test-results/tests-e2e-comprehensive_e2-3a598-ts-60-FPS-Performance-Check-chromium/test-failed-1.png]]

[[ATTACHMENT|test-results/tests-e2e-comprehensive_e2-3a598-ts-60-FPS-Performance-Check-chromium/video.webm]]
]]>
</system-out>
</testcase>
<testcase name="Leptos Motion Library - Comprehensive E2E Tests › 9. Performance Tests › Memory Usage Check" classname="tests/e2e/comprehensive_e2e_test.spec.ts" time="0.19">
<failure message="comprehensive_e2e_test.spec.ts:411:9 Memory Usage Check" type="FAILURE">
<![CDATA[  [chromium] › tests/e2e/comprehensive_e2e_test.spec.ts:411:9 › Leptos Motion Library - Comprehensive E2E Tests › 9. Performance Tests › Memory Usage Check 

    Error: page.goto: net::ERR_CONNECTION_REFUSED at http://localhost:8086/
    Call log:
      - navigating to "http://localhost:8086/", waiting until "load"


      410 |
      411 |     test('Memory Usage Check', async ({ page }) => {
    > 412 |       await page.goto(DEMO_URLS.newSimple);
          |                  ^
      413 |       await waitForWasmInit(page);
      414 |
      415 |       // Check memory usage
        at /Users/peterhanssens/consulting/Leptos/leptos-motion/tests/e2e/comprehensive_e2e_test.spec.ts:412:18

    attachment #1: screenshot (image/png) ──────────────────────────────────────────────────────────
    test-results/tests-e2e-comprehensive_e2-2f51d-ce-Tests-Memory-Usage-Check-chromium/test-failed-1.png
    ────────────────────────────────────────────────────────────────────────────────────────────────

    attachment #2: video (video/webm) ──────────────────────────────────────────────────────────────
    test-results/tests-e2e-comprehensive_e2-2f51d-ce-Tests-Memory-Usage-Check-chromium/video.webm
    ────────────────────────────────────────────────────────────────────────────────────────────────
]]>
</failure>
<system-out>
<![CDATA[
[[ATTACHMENT|test-results/tests-e2e-comprehensive_e2-2f51d-ce-Tests-Memory-Usage-Check-chromium/test-failed-1.png]]

[[ATTACHMENT|test-results/tests-e2e-comprehensive_e2-2f51d-ce-Tests-Memory-Usage-Check-chromium/video.webm]]
]]>
</system-out>
</testcase>
<testcase name="Leptos Motion Library - Comprehensive E2E Tests › 9. Performance Tests › Load Time Performance" classname="tests/e2e/comprehensive_e2e_test.spec.ts" time="0.182">
<failure message="comprehensive_e2e_test.spec.ts:430:9 Load Time Performance" type="FAILURE">
<![CDATA[  [chromium] › tests/e2e/comprehensive_e2e_test.spec.ts:430:9 › Leptos Motion Library - Comprehensive E2E Tests › 9. Performance Tests › Load Time Performance 

    Error: page.goto: net::ERR_CONNECTION_REFUSED at http://localhost:8086/
    Call log:
      - navigating to "http://localhost:8086/", waiting until "load"


      430 |     test('Load Time Performance', async ({ page }) => {
      431 |       const startTime = Date.now();
    > 432 |       await page.goto(DEMO_URLS.newSimple);
          |                  ^
      433 |       await waitForWasmInit(page);
      434 |       const loadTime = Date.now() - startTime;
      435 |
        at /Users/peterhanssens/consulting/Leptos/leptos-motion/tests/e2e/comprehensive_e2e_test.spec.ts:432:18

    attachment #1: screenshot (image/png) ──────────────────────────────────────────────────────────
    test-results/tests-e2e-comprehensive_e2-b9f2a-Tests-Load-Time-Performance-chromium/test-failed-1.png
    ────────────────────────────────────────────────────────────────────────────────────────────────

    attachment #2: video (video/webm) ──────────────────────────────────────────────────────────────
    test-results/tests-e2e-comprehensive_e2-b9f2a-Tests-Load-Time-Performance-chromium/video.webm
    ────────────────────────────────────────────────────────────────────────────────────────────────
]]>
</failure>
<system-out>
<![CDATA[
[[ATTACHMENT|test-results/tests-e2e-comprehensive_e2-b9f2a-Tests-Load-Time-Performance-chromium/test-failed-1.png]]

[[ATTACHMENT|test-results/tests-e2e-comprehensive_e2-b9f2a-Tests-Load-Time-Performance-chromium/video.webm]]
]]>
</system-out>
</testcase>
<testcase name="Leptos Motion Library - Comprehensive E2E Tests › 10. Cross-Browser Compatibility › Chrome Compatibility" classname="tests/e2e/comprehensive_e2e_test.spec.ts" time="0.161">
<failure message="comprehensive_e2e_test.spec.ts:443:9 Chrome Compatibility" type="FAILURE">
<![CDATA[  [chromium] › tests/e2e/comprehensive_e2e_test.spec.ts:443:9 › Leptos Motion Library - Comprehensive E2E Tests › 10. Cross-Browser Compatibility › Chrome Compatibility 

    Error: page.goto: net::ERR_CONNECTION_REFUSED at http://localhost:8086/
    Call log:
      - navigating to "http://localhost:8086/", waiting until "load"


      442 |   test.describe('10. Cross-Browser Compatibility', () => {
      443 |     test('Chrome Compatibility', async ({ page }) => {
    > 444 |       await page.goto(DEMO_URLS.newSimple);
          |                  ^
      445 |       await waitForWasmInit(page);
      446 |
      447 |       const elements = page.locator('div');
        at /Users/peterhanssens/consulting/Leptos/leptos-motion/tests/e2e/comprehensive_e2e_test.spec.ts:444:18

    attachment #1: screenshot (image/png) ──────────────────────────────────────────────────────────
    test-results/tests-e2e-comprehensive_e2-8e094-bility-Chrome-Compatibility-chromium/test-failed-1.png
    ────────────────────────────────────────────────────────────────────────────────────────────────

    attachment #2: video (video/webm) ──────────────────────────────────────────────────────────────
    test-results/tests-e2e-comprehensive_e2-8e094-bility-Chrome-Compatibility-chromium/video.webm
    ────────────────────────────────────────────────────────────────────────────────────────────────
]]>
</failure>
<system-out>
<![CDATA[
[[ATTACHMENT|test-results/tests-e2e-comprehensive_e2-8e094-bility-Chrome-Compatibility-chromium/test-failed-1.png]]

[[ATTACHMENT|test-results/tests-e2e-comprehensive_e2-8e094-bility-Chrome-Compatibility-chromium/video.webm]]
]]>
</system-out>
</testcase>
<testcase name="Leptos Motion Library - Comprehensive E2E Tests › 11. Integration Tests › Leptos Signals Integration" classname="tests/e2e/comprehensive_e2e_test.spec.ts" time="0.164">
<failure message="comprehensive_e2e_test.spec.ts:455:9 Leptos Signals Integration" type="FAILURE">
<![CDATA[  [chromium] › tests/e2e/comprehensive_e2e_test.spec.ts:455:9 › Leptos Motion Library - Comprehensive E2E Tests › 11. Integration Tests › Leptos Signals Integration 

    Error: page.goto: net::ERR_CONNECTION_REFUSED at http://localhost:8086/
    Call log:
      - navigating to "http://localhost:8086/", waiting until "load"


      454 |   test.describe('11. Integration Tests', () => {
      455 |     test('Leptos Signals Integration', async ({ page }) => {
    > 456 |       await page.goto(DEMO_URLS.newSimple);
          |                  ^
      457 |       await waitForWasmInit(page);
      458 |
      459 |       // Test signal-based reactivity
        at /Users/peterhanssens/consulting/Leptos/leptos-motion/tests/e2e/comprehensive_e2e_test.spec.ts:456:18

    attachment #1: screenshot (image/png) ──────────────────────────────────────────────────────────
    test-results/tests-e2e-comprehensive_e2-ff647--Leptos-Signals-Integration-chromium/test-failed-1.png
    ────────────────────────────────────────────────────────────────────────────────────────────────

    attachment #2: video (video/webm) ──────────────────────────────────────────────────────────────
    test-results/tests-e2e-comprehensive_e2-ff647--Leptos-Signals-Integration-chromium/video.webm
    ────────────────────────────────────────────────────────────────────────────────────────────────
]]>
</failure>
<system-out>
<![CDATA[
[[ATTACHMENT|test-results/tests-e2e-comprehensive_e2-ff647--Leptos-Signals-Integration-chromium/test-failed-1.png]]

[[ATTACHMENT|test-results/tests-e2e-comprehensive_e2-ff647--Leptos-Signals-Integration-chromium/video.webm]]
]]>
</system-out>
</testcase>
<testcase name="Leptos Motion Library - Comprehensive E2E Tests › 11. Integration Tests › SSR Compatibility" classname="tests/e2e/comprehensive_e2e_test.spec.ts" time="0.168">
<failure message="comprehensive_e2e_test.spec.ts:473:9 SSR Compatibility" type="FAILURE">
<![CDATA[  [chromium] › tests/e2e/comprehensive_e2e_test.spec.ts:473:9 › Leptos Motion Library - Comprehensive E2E Tests › 11. Integration Tests › SSR Compatibility 

    Error: page.goto: net::ERR_CONNECTION_REFUSED at http://localhost:8086/
    Call log:
      - navigating to "http://localhost:8086/", waiting until "load"


      472 |
      473 |     test('SSR Compatibility', async ({ page }) => {
    > 474 |       await page.goto(DEMO_URLS.newSimple);
          |                  ^
      475 |       await waitForWasmInit(page);
      476 |
      477 |       // Check for hydration
        at /Users/peterhanssens/consulting/Leptos/leptos-motion/tests/e2e/comprehensive_e2e_test.spec.ts:474:18

    attachment #1: screenshot (image/png) ──────────────────────────────────────────────────────────
    test-results/tests-e2e-comprehensive_e2-13adb-ion-Tests-SSR-Compatibility-chromium/test-failed-1.png
    ────────────────────────────────────────────────────────────────────────────────────────────────

    attachment #2: video (video/webm) ──────────────────────────────────────────────────────────────
    test-results/tests-e2e-comprehensive_e2-13adb-ion-Tests-SSR-Compatibility-chromium/video.webm
    ────────────────────────────────────────────────────────────────────────────────────────────────
]]>
</failure>
<system-out>
<![CDATA[
[[ATTACHMENT|test-results/tests-e2e-comprehensive_e2-13adb-ion-Tests-SSR-Compatibility-chromium/test-failed-1.png]]

[[ATTACHMENT|test-results/tests-e2e-comprehensive_e2-13adb-ion-Tests-SSR-Compatibility-chromium/video.webm]]
]]>
</system-out>
</testcase>
<testcase name="Leptos Motion Library - Comprehensive E2E Tests › 11. Integration Tests › Error Handling" classname="tests/e2e/comprehensive_e2e_test.spec.ts" time="0.173">
<failure message="comprehensive_e2e_test.spec.ts:484:9 Error Handling" type="FAILURE">
<![CDATA[  [chromium] › tests/e2e/comprehensive_e2e_test.spec.ts:484:9 › Leptos Motion Library - Comprehensive E2E Tests › 11. Integration Tests › Error Handling 

    Error: page.goto: net::ERR_CONNECTION_REFUSED at http://localhost:8086/
    Call log:
      - navigating to "http://localhost:8086/", waiting until "load"


      483 |
      484 |     test('Error Handling', async ({ page }) => {
    > 485 |       await page.goto(DEMO_URLS.newSimple);
          |                  ^
      486 |       await waitForWasmInit(page);
      487 |
      488 |       // Check for console errors
        at /Users/peterhanssens/consulting/Leptos/leptos-motion/tests/e2e/comprehensive_e2e_test.spec.ts:485:18

    attachment #1: screenshot (image/png) ──────────────────────────────────────────────────────────
    test-results/tests-e2e-comprehensive_e2-86124-ration-Tests-Error-Handling-chromium/test-failed-1.png
    ────────────────────────────────────────────────────────────────────────────────────────────────

    attachment #2: video (video/webm) ──────────────────────────────────────────────────────────────
    test-results/tests-e2e-comprehensive_e2-86124-ration-Tests-Error-Handling-chromium/video.webm
    ────────────────────────────────────────────────────────────────────────────────────────────────
]]>
</failure>
<system-out>
<![CDATA[
[[ATTACHMENT|test-results/tests-e2e-comprehensive_e2-86124-ration-Tests-Error-Handling-chromium/test-failed-1.png]]

[[ATTACHMENT|test-results/tests-e2e-comprehensive_e2-86124-ration-Tests-Error-Handling-chromium/video.webm]]
]]>
</system-out>
</testcase>
<testcase name="Leptos Motion Library - Comprehensive E2E Tests › 12. Feature Parity Tests › Motion.dev Feature Comparison" classname="tests/e2e/comprehensive_e2e_test.spec.ts" time="0.18">
<failure message="comprehensive_e2e_test.spec.ts:509:9 Motion.dev Feature Comparison" type="FAILURE">
<![CDATA[  [chromium] › tests/e2e/comprehensive_e2e_test.spec.ts:509:9 › Leptos Motion Library - Comprehensive E2E Tests › 12. Feature Parity Tests › Motion.dev Feature Comparison 

    Error: page.goto: net::ERR_CONNECTION_REFUSED at http://localhost:8086/
    Call log:
      - navigating to "http://localhost:8086/", waiting until "load"


      508 |   test.describe('12. Feature Parity Tests', () => {
      509 |     test('Motion.dev Feature Comparison', async ({ page }) => {
    > 510 |       await page.goto(DEMO_URLS.newSimple);
          |                  ^
      511 |       await waitForWasmInit(page);
      512 |
      513 |       // Test key features that should match motion.dev capabilities
        at /Users/peterhanssens/consulting/Leptos/leptos-motion/tests/e2e/comprehensive_e2e_test.spec.ts:510:18

    attachment #1: screenshot (image/png) ──────────────────────────────────────────────────────────
    test-results/tests-e2e-comprehensive_e2-1107d-tion-dev-Feature-Comparison-chromium/test-failed-1.png
    ────────────────────────────────────────────────────────────────────────────────────────────────

    attachment #2: video (video/webm) ──────────────────────────────────────────────────────────────
    test-results/tests-e2e-comprehensive_e2-1107d-tion-dev-Feature-Comparison-chromium/video.webm
    ────────────────────────────────────────────────────────────────────────────────────────────────
]]>
</failure>
<system-out>
<![CDATA[
[[ATTACHMENT|test-results/tests-e2e-comprehensive_e2-1107d-tion-dev-Feature-Comparison-chromium/test-failed-1.png]]

[[ATTACHMENT|test-results/tests-e2e-comprehensive_e2-1107d-tion-dev-Feature-Comparison-chromium/video.webm]]
]]>
</system-out>
</testcase>
</testsuite>
<testsuite name="tests/e2e/fixed_demo_test.spec.ts" timestamp="2025-10-04T13:01:09.445Z" hostname="chromium" tests="2" failures="2" skipped="0" time="0.374" errors="0">
<testcase name="Fixed ReactiveMotionDiv Demo Test › should load and display the fixed demo correctly" classname="tests/e2e/fixed_demo_test.spec.ts" time="0.174">
<failure message="fixed_demo_test.spec.ts:4:7 should load and display the fixed demo correctly" type="FAILURE">
<![CDATA[  [chromium] › tests/e2e/fixed_demo_test.spec.ts:4:7 › Fixed ReactiveMotionDiv Demo Test › should load and display the fixed demo correctly 

    Error: page.goto: net::ERR_CONNECTION_REFUSED at http://localhost:8080/simple.html
    Call log:
      - navigating to "http://localhost:8080/simple.html", waiting until "load"


       9 |
      10 |     // Go to the simple demo
    > 11 |     await page.goto('http://localhost:8080/simple.html');
         |                ^
      12 |
      13 |     // Wait for the page to load
      14 |     await page.waitForLoadState('networkidle');
        at /Users/peterhanssens/consulting/Leptos/leptos-motion/tests/e2e/fixed_demo_test.spec.ts:11:16

    attachment #1: screenshot (image/png) ──────────────────────────────────────────────────────────
    test-results/tests-e2e-fixed_demo_test--62538-ay-the-fixed-demo-correctly-chromium/test-failed-1.png
    ────────────────────────────────────────────────────────────────────────────────────────────────

    attachment #2: video (video/webm) ──────────────────────────────────────────────────────────────
    test-results/tests-e2e-fixed_demo_test--62538-ay-the-fixed-demo-correctly-chromium/video.webm
    ────────────────────────────────────────────────────────────────────────────────────────────────
]]>
</failure>
<system-out>
<![CDATA[
[[ATTACHMENT|test-results/tests-e2e-fixed_demo_test--62538-ay-the-fixed-demo-correctly-chromium/test-failed-1.png]]

[[ATTACHMENT|test-results/tests-e2e-fixed_demo_test--62538-ay-the-fixed-demo-correctly-chromium/video.webm]]
]]>
</system-out>
</testcase>
<testcase name="Fixed ReactiveMotionDiv Demo Test › should handle button clicks with fixed component" classname="tests/e2e/fixed_demo_test.spec.ts" time="0.2">
<failure message="fixed_demo_test.spec.ts:42:7 should handle button clicks with fixed component" type="FAILURE">
<![CDATA[  [chromium] › tests/e2e/fixed_demo_test.spec.ts:42:7 › Fixed ReactiveMotionDiv Demo Test › should handle button clicks with fixed component 

    Error: page.goto: net::ERR_CONNECTION_REFUSED at http://localhost:8080/simple.html
    Call log:
      - navigating to "http://localhost:8080/simple.html", waiting until "load"


      45 |     });
      46 |
    > 47 |     await page.goto('http://localhost:8080/simple.html');
         |                ^
      48 |     await page.waitForLoadState('networkidle');
      49 |     await page.waitForTimeout(2000);
      50 |
        at /Users/peterhanssens/consulting/Leptos/leptos-motion/tests/e2e/fixed_demo_test.spec.ts:47:16

    attachment #1: screenshot (image/png) ──────────────────────────────────────────────────────────
    test-results/tests-e2e-fixed_demo_test--d4f09-clicks-with-fixed-component-chromium/test-failed-1.png
    ────────────────────────────────────────────────────────────────────────────────────────────────

    attachment #2: video (video/webm) ──────────────────────────────────────────────────────────────
    test-results/tests-e2e-fixed_demo_test--d4f09-clicks-with-fixed-component-chromium/video.webm
    ────────────────────────────────────────────────────────────────────────────────────────────────
]]>
</failure>
<system-out>
<![CDATA[
[[ATTACHMENT|test-results/tests-e2e-fixed_demo_test--d4f09-clicks-with-fixed-component-chromium/test-failed-1.png]]

[[ATTACHMENT|test-results/tests-e2e-fixed_demo_test--d4f09-clicks-with-fixed-component-chromium/video.webm]]
]]>
</system-out>
</testcase>
</testsuite>
<testsuite name="tests/e2e/memoization_test.spec.ts" timestamp="2025-10-04T13:01:09.445Z" hostname="chromium" tests="1" failures="1" skipped="0" time="0.198" errors="0">
<testcase name="Memoization Test › should load and display the memoization test correctly" classname="tests/e2e/memoization_test.spec.ts" time="0.198">
<failure message="memoization_test.spec.ts:4:7 should load and display the memoization test correctly" type="FAILURE">
<![CDATA[  [chromium] › tests/e2e/memoization_test.spec.ts:4:7 › Memoization Test › should load and display the memoization test correctly 

    Error: page.goto: net::ERR_CONNECTION_REFUSED at http://localhost:8080/simple.html
    Call log:
      - navigating to "http://localhost:8080/simple.html", waiting until "load"


      4 |   test('should load and display the memoization test correctly', async ({ page }) => {
      5 |     // Navigate to the demo page
    > 6 |     await page.goto('http://localhost:8080/simple.html');
        |                ^
      7 |
      8 |     // Wait for the WASM module to load and initialize
      9 |     await page.waitForTimeout(3000);
        at /Users/peterhanssens/consulting/Leptos/leptos-motion/tests/e2e/memoization_test.spec.ts:6:16

    attachment #1: screenshot (image/png) ──────────────────────────────────────────────────────────
    test-results/tests-e2e-memoization_test-a3e28--memoization-test-correctly-chromium/test-failed-1.png
    ────────────────────────────────────────────────────────────────────────────────────────────────

    attachment #2: video (video/webm) ──────────────────────────────────────────────────────────────
    test-results/tests-e2e-memoization_test-a3e28--memoization-test-correctly-chromium/video.webm
    ────────────────────────────────────────────────────────────────────────────────────────────────
]]>
</failure>
<system-out>
<![CDATA[
[[ATTACHMENT|test-results/tests-e2e-memoization_test-a3e28--memoization-test-correctly-chromium/test-failed-1.png]]

[[ATTACHMENT|test-results/tests-e2e-memoization_test-a3e28--memoization-test-correctly-chromium/video.webm]]
]]>
</system-out>
</testcase>
</testsuite>
<testsuite name="tests/e2e/minimal_test.spec.ts" timestamp="2025-10-04T13:01:09.445Z" hostname="chromium" tests="1" failures="1" skipped="0" time="0.194" errors="0">
<testcase name="Minimal Test Demo › should load and display the minimal demo correctly" classname="tests/e2e/minimal_test.spec.ts" time="0.194">
<failure message="minimal_test.spec.ts:4:7 should load and display the minimal demo correctly" type="FAILURE">
<![CDATA[  [chromium] › tests/e2e/minimal_test.spec.ts:4:7 › Minimal Test Demo › should load and display the minimal demo correctly 

    Error: page.goto: net::ERR_CONNECTION_REFUSED at http://localhost:8080/simple.html
    Call log:
      - navigating to "http://localhost:8080/simple.html", waiting until "load"


       9 |
      10 |     // Go to the simple demo
    > 11 |     await page.goto('http://localhost:8080/simple.html');
         |                ^
      12 |
      13 |     // Wait for the page to load
      14 |     await page.waitForLoadState('networkidle');
        at /Users/peterhanssens/consulting/Leptos/leptos-motion/tests/e2e/minimal_test.spec.ts:11:16

    attachment #1: screenshot (image/png) ──────────────────────────────────────────────────────────
    test-results/tests-e2e-minimal_test-Min-1882e--the-minimal-demo-correctly-chromium/test-failed-1.png
    ────────────────────────────────────────────────────────────────────────────────────────────────

    attachment #2: video (video/webm) ──────────────────────────────────────────────────────────────
    test-results/tests-e2e-minimal_test-Min-1882e--the-minimal-demo-correctly-chromium/video.webm
    ────────────────────────────────────────────────────────────────────────────────────────────────
]]>
</failure>
<system-out>
<![CDATA[
[[ATTACHMENT|test-results/tests-e2e-minimal_test-Min-1882e--the-minimal-demo-correctly-chromium/test-failed-1.png]]

[[ATTACHMENT|test-results/tests-e2e-minimal_test-Min-1882e--the-minimal-demo-correctly-chromium/video.webm]]
]]>
</system-out>
</testcase>
</testsuite>
<testsuite name="tests/e2e/phase4a_demo_test.spec.ts" timestamp="2025-10-04T13:01:09.445Z" hostname="chromium" tests="4" failures="4" skipped="0" time="0.733" errors="0">
<testcase name="Phase 4A Function-based Props Demo › should load and display the Phase 4A demo correctly" classname="tests/e2e/phase4a_demo_test.spec.ts" time="0.168">
<failure message="phase4a_demo_test.spec.ts:4:7 should load and display the Phase 4A demo correctly" type="FAILURE">
<![CDATA[  [chromium] › tests/e2e/phase4a_demo_test.spec.ts:4:7 › Phase 4A Function-based Props Demo › should load and display the Phase 4A demo correctly 

    Error: page.goto: net::ERR_CONNECTION_REFUSED at http://localhost:8080/simple.html
    Call log:
      - navigating to "http://localhost:8080/simple.html", waiting until "load"


       9 |
      10 |     // Go to the simple demo
    > 11 |     await page.goto('http://localhost:8080/simple.html');
         |                ^
      12 |
      13 |     // Wait for the page to load
      14 |     await page.waitForLoadState('networkidle');
        at /Users/peterhanssens/consulting/Leptos/leptos-motion/tests/e2e/phase4a_demo_test.spec.ts:11:16

    attachment #1: screenshot (image/png) ──────────────────────────────────────────────────────────
    test-results/tests-e2e-phase4a_demo_tes-1fb2c-the-Phase-4A-demo-correctly-chromium/test-failed-1.png
    ────────────────────────────────────────────────────────────────────────────────────────────────

    attachment #2: video (video/webm) ──────────────────────────────────────────────────────────────
    test-results/tests-e2e-phase4a_demo_tes-1fb2c-the-Phase-4A-demo-correctly-chromium/video.webm
    ────────────────────────────────────────────────────────────────────────────────────────────────
]]>
</failure>
<system-out>
<![CDATA[
[[ATTACHMENT|test-results/tests-e2e-phase4a_demo_tes-1fb2c-the-Phase-4A-demo-correctly-chromium/test-failed-1.png]]

[[ATTACHMENT|test-results/tests-e2e-phase4a_demo_tes-1fb2c-the-Phase-4A-demo-correctly-chromium/video.webm]]
]]>
</system-out>
</testcase>
<testcase name="Phase 4A Function-based Props Demo › should handle counter button clicks" classname="tests/e2e/phase4a_demo_test.spec.ts" time="0.164">
<failure message="phase4a_demo_test.spec.ts:33:7 should handle counter button clicks" type="FAILURE">
<![CDATA[  [chromium] › tests/e2e/phase4a_demo_test.spec.ts:33:7 › Phase 4A Function-based Props Demo › should handle counter button clicks 

    Error: page.goto: net::ERR_CONNECTION_REFUSED at http://localhost:8080/simple.html
    Call log:
      - navigating to "http://localhost:8080/simple.html", waiting until "load"


      38 |
      39 |     // Go to the simple demo
    > 40 |     await page.goto('http://localhost:8080/simple.html');
         |                ^
      41 |
      42 |     // Wait for the page to load
      43 |     await page.waitForLoadState('networkidle');
        at /Users/peterhanssens/consulting/Leptos/leptos-motion/tests/e2e/phase4a_demo_test.spec.ts:40:16

    attachment #1: screenshot (image/png) ──────────────────────────────────────────────────────────
    test-results/tests-e2e-phase4a_demo_tes-5f292-andle-counter-button-clicks-chromium/test-failed-1.png
    ────────────────────────────────────────────────────────────────────────────────────────────────

    attachment #2: video (video/webm) ──────────────────────────────────────────────────────────────
    test-results/tests-e2e-phase4a_demo_tes-5f292-andle-counter-button-clicks-chromium/video.webm
    ────────────────────────────────────────────────────────────────────────────────────────────────
]]>
</failure>
<system-out>
<![CDATA[
[[ATTACHMENT|test-results/tests-e2e-phase4a_demo_tes-5f292-andle-counter-button-clicks-chromium/test-failed-1.png]]

[[ATTACHMENT|test-results/tests-e2e-phase4a_demo_tes-5f292-andle-counter-button-clicks-chromium/video.webm]]
]]>
</system-out>
</testcase>
[...]

    Error: page.goto: Could not connect to the server.
    Call log:
      - navigating to "http://localhost:8080/index.html", waiting until "load"


      202 |
      203 |   test('should validate performance characteristics', async () => {
    > 204 |     await page.goto('http://localhost:8080/index.html');
          |                ^
      205 |
      206 |     // Wait for demo to load
      207 |     await page.waitForTimeout(3000);
        at /Users/peterhanssens/consulting/Leptos/leptos-motion/tests/e2e/tdd_demo_test.spec.ts:204:16

    attachment #1: screenshot (image/png) ──────────────────────────────────────────────────────────
    test-results/tests-e2e-tdd_demo_test-TD-27810-performance-characteristics-Mobile-Safari/test-failed-1.png
    ────────────────────────────────────────────────────────────────────────────────────────────────
]]>
</failure>
<system-out>
<![CDATA[[error] Failed to load resource: Could not connect to the server.

[[ATTACHMENT|test-results/tests-e2e-tdd_demo_test-TD-27810-performance-characteristics-Mobile-Safari/test-failed-1.png]]
]]>
</system-out>
</testcase>
<testcase name="TDD Reactive Animation Demo › should check for JavaScript errors" classname="tests/e2e/tdd_demo_test.spec.ts" time="0.64">
<failure message="tdd_demo_test.spec.ts:227:7 should check for JavaScript errors" type="FAILURE">
<![CDATA[  [Mobile Safari] › tests/e2e/tdd_demo_test.spec.ts:227:7 › TDD Reactive Animation Demo › should check for JavaScript errors 

    Error: page.goto: Could not connect to the server.
    Call log:
      - navigating to "http://localhost:8080/index.html", waiting until "load"


      232 |     });
      233 |
    > 234 |     await page.goto('http://localhost:8080/index.html');
          |                ^
      235 |
      236 |     // Wait for demo to load
      237 |     await page.waitForTimeout(3000);
        at /Users/peterhanssens/consulting/Leptos/leptos-motion/tests/e2e/tdd_demo_test.spec.ts:234:16

    attachment #1: screenshot (image/png) ──────────────────────────────────────────────────────────
    test-results/tests-e2e-tdd_demo_test-TD-3c604-check-for-JavaScript-errors-Mobile-Safari/test-failed-1.png
    ────────────────────────────────────────────────────────────────────────────────────────────────
]]>
</failure>
<system-out>
<![CDATA[[error] Failed to load resource: Could not connect to the server.

[[ATTACHMENT|test-results/tests-e2e-tdd_demo_test-TD-3c604-check-for-JavaScript-errors-Mobile-Safari/test-failed-1.png]]
]]>
</system-out>
</testcase>
<testcase name="TDD Reactive Animation Demo › should validate responsive design" classname="tests/e2e/tdd_demo_test.spec.ts" time="0.399">
<failure message="tdd_demo_test.spec.ts:243:7 should validate responsive design" type="FAILURE">
<![CDATA[  [Mobile Safari] › tests/e2e/tdd_demo_test.spec.ts:243:7 › TDD Reactive Animation Demo › should validate responsive design 

    Error: page.goto: Could not connect to the server.
    Call log:
      - navigating to "http://localhost:8080/index.html", waiting until "load"


      242 |
      243 |   test('should validate responsive design', async () => {
    > 244 |     await page.goto('http://localhost:8080/index.html');
          |                ^
      245 |
      246 |     // Wait for demo to load
      247 |     await page.waitForTimeout(3000);
        at /Users/peterhanssens/consulting/Leptos/leptos-motion/tests/e2e/tdd_demo_test.spec.ts:244:16

    attachment #1: screenshot (image/png) ──────────────────────────────────────────────────────────
    test-results/tests-e2e-tdd_demo_test-TD-1e210--validate-responsive-design-Mobile-Safari/test-failed-1.png
    ────────────────────────────────────────────────────────────────────────────────────────────────
]]>
</failure>
<system-out>
<![CDATA[[error] Failed to load resource: Could not connect to the server.

[[ATTACHMENT|test-results/tests-e2e-tdd_demo_test-TD-1e210--validate-responsive-design-Mobile-Safari/test-failed-1.png]]
]]>
</system-out>
</testcase>
</testsuite>
<testsuite name="tests/e2e/transition_config_test.spec.ts" timestamp="2025-10-04T13:01:09.445Z" hostname="Mobile Safari" tests="1" failures="1" skipped="0" time="0.463" errors="0">
<testcase name="TransitionConfig Test › should load and display the transition config test correctly" classname="tests/e2e/transition_config_test.spec.ts" time="0.463">
<failure message="transition_config_test.spec.ts:4:7 should load and display the transition config test correctly" type="FAILURE">
<![CDATA[  [Mobile Safari] › tests/e2e/transition_config_test.spec.ts:4:7 › TransitionConfig Test › should load and display the transition config test correctly 

    Error: page.goto: Could not connect to the server.
    Call log:
      - navigating to "http://localhost:8080/simple.html", waiting until "load"


      4 |   test('should load and display the transition config test correctly', async ({ page }) => {
      5 |     // Navigate to the demo page
    > 6 |     await page.goto('http://localhost:8080/simple.html');
        |                ^
      7 |
      8 |     // Wait for the WASM module to load and initialize
      9 |     await page.waitForTimeout(3000);
        at /Users/peterhanssens/consulting/Leptos/leptos-motion/tests/e2e/transition_config_test.spec.ts:6:16

    attachment #1: screenshot (image/png) ──────────────────────────────────────────────────────────
    test-results/tests-e2e-transition_confi-8f621-ition-config-test-correctly-Mobile-Safari/test-failed-1.png
    ────────────────────────────────────────────────────────────────────────────────────────────────

    attachment #2: video (video/webm) ──────────────────────────────────────────────────────────────
    test-results/tests-e2e-transition_confi-8f621-ition-config-test-correctly-Mobile-Safari/video.webm
    ────────────────────────────────────────────────────────────────────────────────────────────────
]]>
</failure>
<system-out>
<![CDATA[
[[ATTACHMENT|test-results/tests-e2e-transition_confi-8f621-ition-config-test-correctly-Mobile-Safari/test-failed-1.png]]

[[ATTACHMENT|test-results/tests-e2e-transition_confi-8f621-ition-config-test-correctly-Mobile-Safari/video.webm]]
]]>
</system-out>
</testcase>
</testsuite>
<testsuite name="demos/legacy/v0.7-showcase/tests/performance-monitoring.spec.ts" timestamp="2025-10-04T13:01:09.445Z" hostname="performance" tests="7" failures="7" skipped="0" time="1.57" errors="0">
<testcase name="Performance Monitoring Tests › should monitor page load performance" classname="demos/legacy/v0.7-showcase/tests/performance-monitoring.spec.ts" time="0.285">
<failure message="performance-monitoring.spec.ts:9:7 should monitor page load performance" type="FAILURE">
<![CDATA[  [performance] › demos/legacy/v0.7-showcase/tests/performance-monitoring.spec.ts:9:7 › Performance Monitoring Tests › should monitor page load performance 

    Error: page.goto: net::ERR_CONNECTION_REFUSED at http://localhost:8080/
    Call log:
      - navigating to "http://localhost:8080/", waiting until "load"


      3 | test.describe('Performance Monitoring Tests', () => {
      4 |   test.beforeEach(async ({ page }) => {
    > 5 |     await page.goto('http://localhost:8080');
        |                ^
      6 |     await page.waitForLoadState('networkidle');
      7 |   });
      8 |
        at /Users/peterhanssens/consulting/Leptos/leptos-motion/demos/legacy/v0.7-showcase/tests/performance-monitoring.spec.ts:5:16

    attachment #1: screenshot (image/png) ──────────────────────────────────────────────────────────
    test-results/demos-legacy-v0.7-showcase-eef82-nitor-page-load-performance-performance/test-failed-1.png
    ────────────────────────────────────────────────────────────────────────────────────────────────

    attachment #2: video (video/webm) ──────────────────────────────────────────────────────────────
    test-results/demos-legacy-v0.7-showcase-eef82-nitor-page-load-performance-performance/video.webm
    ────────────────────────────────────────────────────────────────────────────────────────────────
]]>
</failure>
<system-out>
<![CDATA[
[[ATTACHMENT|test-results/demos-legacy-v0.7-showcase-eef82-nitor-page-load-performance-performance/test-failed-1.png]]

[[ATTACHMENT|test-results/demos-legacy-v0.7-showcase-eef82-nitor-page-load-performance-performance/video.webm]]
]]>
</system-out>
</testcase>
<testcase name="Performance Monitoring Tests › should monitor memory usage" classname="demos/legacy/v0.7-showcase/tests/performance-monitoring.spec.ts" time="0.27">
<failure message="performance-monitoring.spec.ts:39:7 should monitor memory usage" type="FAILURE">
<![CDATA[  [performance] › demos/legacy/v0.7-showcase/tests/performance-monitoring.spec.ts:39:7 › Performance Monitoring Tests › should monitor memory usage 

    Error: page.goto: net::ERR_CONNECTION_REFUSED at http://localhost:8080/
    Call log:
      - navigating to "http://localhost:8080/", waiting until "load"


      3 | test.describe('Performance Monitoring Tests', () => {
      4 |   test.beforeEach(async ({ page }) => {
    > 5 |     await page.goto('http://localhost:8080');
        |                ^
      6 |     await page.waitForLoadState('networkidle');
      7 |   });
      8 |
        at /Users/peterhanssens/consulting/Leptos/leptos-motion/demos/legacy/v0.7-showcase/tests/performance-monitoring.spec.ts:5:16

    attachment #1: screenshot (image/png) ──────────────────────────────────────────────────────────
    test-results/demos-legacy-v0.7-showcase-c1337-should-monitor-memory-usage-performance/test-failed-1.png
    ────────────────────────────────────────────────────────────────────────────────────────────────

    attachment #2: video (video/webm) ──────────────────────────────────────────────────────────────
    test-results/demos-legacy-v0.7-showcase-c1337-should-monitor-memory-usage-performance/video.webm
    ────────────────────────────────────────────────────────────────────────────────────────────────
]]>
</failure>
<system-out>
<![CDATA[
[[ATTACHMENT|test-results/demos-legacy-v0.7-showcase-c1337-should-monitor-memory-usage-performance/test-failed-1.png]]

[[ATTACHMENT|test-results/demos-legacy-v0.7-showcase-c1337-should-monitor-memory-usage-performance/video.webm]]
]]>
</system-out>
</testcase>
<testcase name="Performance Monitoring Tests › should monitor animation performance" classname="demos/legacy/v0.7-showcase/tests/performance-monitoring.spec.ts" time="0.274">
<failure message="performance-monitoring.spec.ts:89:7 should monitor animation performance" type="FAILURE">
<![CDATA[  [performance] › demos/legacy/v0.7-showcase/tests/performance-monitoring.spec.ts:89:7 › Performance Monitoring Tests › should monitor animation performance 

    Error: page.goto: net::ERR_CONNECTION_REFUSED at http://localhost:8080/
    Call log:
      - navigating to "http://localhost:8080/", waiting until "load"


      3 | test.describe('Performance Monitoring Tests', () => {
      4 |   test.beforeEach(async ({ page }) => {
    > 5 |     await page.goto('http://localhost:8080');
        |                ^
      6 |     await page.waitForLoadState('networkidle');
      7 |   });
      8 |
        at /Users/peterhanssens/consulting/Leptos/leptos-motion/demos/legacy/v0.7-showcase/tests/performance-monitoring.spec.ts:5:16

    attachment #1: screenshot (image/png) ──────────────────────────────────────────────────────────
    test-results/demos-legacy-v0.7-showcase-f6a66-nitor-animation-performance-performance/test-failed-1.png
    ────────────────────────────────────────────────────────────────────────────────────────────────

    attachment #2: video (video/webm) ──────────────────────────────────────────────────────────────
    test-results/demos-legacy-v0.7-showcase-f6a66-nitor-animation-performance-performance/video.webm
    ────────────────────────────────────────────────────────────────────────────────────────────────
]]>
</failure>
<system-out>
<![CDATA[
[[ATTACHMENT|test-results/demos-legacy-v0.7-showcase-f6a66-nitor-animation-performance-performance/test-failed-1.png]]

[[ATTACHMENT|test-results/demos-legacy-v0.7-showcase-f6a66-nitor-animation-performance-performance/video.webm]]
]]>
</system-out>
</testcase>
<testcase name="Performance Monitoring Tests › should monitor response times" classname="demos/legacy/v0.7-showcase/tests/performance-monitoring.spec.ts" time="0.229">
<failure message="performance-monitoring.spec.ts:127:7 should monitor response times" type="FAILURE">
<![CDATA[  [performance] › demos/legacy/v0.7-showcase/tests/performance-monitoring.spec.ts:127:7 › Performance Monitoring Tests › should monitor response times 

    Error: page.goto: net::ERR_CONNECTION_REFUSED at http://localhost:8080/
    Call log:
      - navigating to "http://localhost:8080/", waiting until "load"


      3 | test.describe('Performance Monitoring Tests', () => {
      4 |   test.beforeEach(async ({ page }) => {
    > 5 |     await page.goto('http://localhost:8080');
        |                ^
      6 |     await page.waitForLoadState('networkidle');
      7 |   });
      8 |
        at /Users/peterhanssens/consulting/Leptos/leptos-motion/demos/legacy/v0.7-showcase/tests/performance-monitoring.spec.ts:5:16

    attachment #1: screenshot (image/png) ──────────────────────────────────────────────────────────
    test-results/demos-legacy-v0.7-showcase-c0337-ould-monitor-response-times-performance/test-failed-1.png
    ────────────────────────────────────────────────────────────────────────────────────────────────

    attachment #2: video (video/webm) ──────────────────────────────────────────────────────────────
    test-results/demos-legacy-v0.7-showcase-c0337-ould-monitor-response-times-performance/video.webm
    ────────────────────────────────────────────────────────────────────────────────────────────────
]]>
</failure>
<system-out>
<![CDATA[
[[ATTACHMENT|test-results/demos-legacy-v0.7-showcase-c0337-ould-monitor-response-times-performance/test-failed-1.png]]

[[ATTACHMENT|test-results/demos-legacy-v0.7-showcase-c0337-ould-monitor-response-times-performance/video.webm]]
]]>
</system-out>
</testcase>
<testcase name="Performance Monitoring Tests › should monitor CPU usage patterns" classname="demos/legacy/v0.7-showcase/tests/performance-monitoring.spec.ts" time="0.171">
<failure message="performance-monitoring.spec.ts:163:7 should monitor CPU usage patterns" type="FAILURE">
<![CDATA[  [performance] › demos/legacy/v0.7-showcase/tests/performance-monitoring.spec.ts:163:7 › Performance Monitoring Tests › should monitor CPU usage patterns 

    Error: page.goto: net::ERR_CONNECTION_REFUSED at http://localhost:8080/
    Call log:
      - navigating to "http://localhost:8080/", waiting until "load"


      3 | test.describe('Performance Monitoring Tests', () => {
      4 |   test.beforeEach(async ({ page }) => {
    > 5 |     await page.goto('http://localhost:8080');
        |                ^
      6 |     await page.waitForLoadState('networkidle');
      7 |   });
      8 |
        at /Users/peterhanssens/consulting/Leptos/leptos-motion/demos/legacy/v0.7-showcase/tests/performance-monitoring.spec.ts:5:16

    attachment #1: screenshot (image/png) ──────────────────────────────────────────────────────────
    test-results/demos-legacy-v0.7-showcase-afa5d--monitor-CPU-usage-patterns-performance/test-failed-1.png
    ────────────────────────────────────────────────────────────────────────────────────────────────

    attachment #2: video (video/webm) ──────────────────────────────────────────────────────────────
    test-results/demos-legacy-v0.7-showcase-afa5d--monitor-CPU-usage-patterns-performance/video.webm
    ────────────────────────────────────────────────────────────────────────────────────────────────
]]>
</failure>
<system-out>
<![CDATA[
[[ATTACHMENT|test-results/demos-legacy-v0.7-showcase-afa5d--monitor-CPU-usage-patterns-performance/test-failed-1.png]]

[[ATTACHMENT|test-results/demos-legacy-v0.7-showcase-afa5d--monitor-CPU-usage-patterns-performance/video.webm]]
]]>
</system-out>
</testcase>
<testcase name="Performance Monitoring Tests › should monitor network performance" classname="demos/legacy/v0.7-showcase/tests/performance-monitoring.spec.ts" time="0.17">
<failure message="performance-monitoring.spec.ts:199:7 should monitor network performance" type="FAILURE">
<![CDATA[  [performance] › demos/legacy/v0.7-showcase/tests/performance-monitoring.spec.ts:199:7 › Performance Monitoring Tests › should monitor network performance 

    Error: page.goto: net::ERR_CONNECTION_REFUSED at http://localhost:8080/
    Call log:
      - navigating to "http://localhost:8080/", waiting until "load"


      3 | test.describe('Performance Monitoring Tests', () => {
      4 |   test.beforeEach(async ({ page }) => {
    > 5 |     await page.goto('http://localhost:8080');
        |                ^
      6 |     await page.waitForLoadState('networkidle');
      7 |   });
      8 |
        at /Users/peterhanssens/consulting/Leptos/leptos-motion/demos/legacy/v0.7-showcase/tests/performance-monitoring.spec.ts:5:16

    attachment #1: screenshot (image/png) ──────────────────────────────────────────────────────────
    test-results/demos-legacy-v0.7-showcase-51182-monitor-network-performance-performance/test-failed-1.png
    ────────────────────────────────────────────────────────────────────────────────────────────────

    attachment #2: video (video/webm) ──────────────────────────────────────────────────────────────
    test-results/demos-legacy-v0.7-showcase-51182-monitor-network-performance-performance/video.webm
    ────────────────────────────────────────────────────────────────────────────────────────────────
]]>
</failure>
<system-out>
<![CDATA[
[[ATTACHMENT|test-results/demos-legacy-v0.7-showcase-51182-monitor-network-performance-performance/test-failed-1.png]]

[[ATTACHMENT|test-results/demos-legacy-v0.7-showcase-51182-monitor-network-performance-performance/video.webm]]
]]>
</system-out>
</testcase>
<testcase name="Performance Monitoring Tests › should generate performance report" classname="demos/legacy/v0.7-showcase/tests/performance-monitoring.spec.ts" time="0.171">
<failure message="performance-monitoring.spec.ts:223:7 should generate performance report" type="FAILURE">
<![CDATA[  [performance] › demos/legacy/v0.7-showcase/tests/performance-monitoring.spec.ts:223:7 › Performance Monitoring Tests › should generate performance report 

    Error: page.goto: net::ERR_CONNECTION_REFUSED at http://localhost:8080/
    Call log:
      - navigating to "http://localhost:8080/", waiting until "load"


      3 | test.describe('Performance Monitoring Tests', () => {
      4 |   test.beforeEach(async ({ page }) => {
    > 5 |     await page.goto('http://localhost:8080');
        |                ^
      6 |     await page.waitForLoadState('networkidle');
      7 |   });
      8 |
        at /Users/peterhanssens/consulting/Leptos/leptos-motion/demos/legacy/v0.7-showcase/tests/performance-monitoring.spec.ts:5:16

    attachment #1: screenshot (image/png) ──────────────────────────────────────────────────────────
    test-results/demos-legacy-v0.7-showcase-1de30-generate-performance-report-performance/test-failed-1.png
    ────────────────────────────────────────────────────────────────────────────────────────────────

    attachment #2: video (video/webm) ──────────────────────────────────────────────────────────────
    test-results/demos-legacy-v0.7-showcase-1de30-generate-performance-report-performance/video.webm
    ────────────────────────────────────────────────────────────────────────────────────────────────
]]>
</failure>
<system-out>
<![CDATA[
[[ATTACHMENT|test-results/demos-legacy-v0.7-showcase-1de30-generate-performance-report-performance/test-failed-1.png]]

[[ATTACHMENT|test-results/demos-legacy-v0.7-showcase-1de30-generate-performance-report-performance/video.webm]]
]]>
</system-out>
</testcase>
</testsuite>
</testsuites>